{
  "stats": {
    "suites": 1,
    "tests": 0,
    "passes": 0,
    "pending": 0,
    "failures": 0,
    "start": "2023-02-21T14:01:36.819Z",
    "end": "2023-02-21T14:02:22.862Z",
    "duration": 46043,
    "testsRegistered": 90,
    "passPercent": 0,
    "pendingPercent": 0,
    "other": 1,
    "hasOther": true,
    "skipped": 90,
    "hasSkipped": true
  },
  "results": [
    {
      "uuid": "b19a9c38-4939-4832-bd1a-5aa39e25eb25",
      "title": "",
      "fullFile": "",
      "file": "",
      "beforeHooks": [],
      "afterHooks": [],
      "tests": [],
      "suites": [
        {
          "uuid": "cd8002ef-9da2-4f84-af82-a361085676f2",
          "title": "Case List Selection",
          "fullFile": "/Users/sreekanth/work/moj/ex-ui/rpx-xui-webapp/test_codecept/e2e/features/app/caseListSelection.feature",
          "file": "/test_codecept/e2e/features/app/caseListSelection.feature",
          "beforeHooks": [
            {
              "title": "\"before all\" hook: codeceptjs.beforeSuite",
              "fullTitle": "Case List Selection \"before all\" hook: codeceptjs.beforeSuite",
              "timedOut": false,
              "duration": 0,
              "state": null,
              "speed": null,
              "pass": false,
              "fail": false,
              "pending": false,
              "context": null,
              "code": "scenario.suiteSetup(suite)",
              "err": {},
              "uuid": "94029865-e068-4bf9-bf93-9aa4557957e1",
              "parentUUID": null,
              "isHook": true,
              "skipped": false
            },
            {
              "title": "\"before each\" hook: codeceptjs.before",
              "fullTitle": "Case List Selection \"before each\" hook: codeceptjs.before",
              "timedOut": false,
              "duration": 0,
              "state": null,
              "speed": null,
              "pass": false,
              "fail": false,
              "pending": false,
              "context": null,
              "code": "scenario.setup(suite)",
              "err": {},
              "uuid": "9a11f46b-0517-45c7-9d17-24b6d0a07db3",
              "parentUUID": null,
              "isHook": true,
              "skipped": false
            },
            {
              "title": "\"before each\" hook: Before",
              "fullTitle": "Case List Selection \"before each\" hook: Before",
              "timedOut": false,
              "duration": 0,
              "state": null,
              "speed": null,
              "pass": false,
              "fail": false,
              "pending": false,
              "context": null,
              "code": "const errHandler = (err) => {\n  recorder.session.start('teardown');\n  recorder.cleanAsyncErr();\n  event.emit(event.test.failed, suite, err);\n  if (hookName === 'after') event.emit(event.test.after, suite);\n  if (hookName === 'afterSuite') event.emit(event.suite.after, suite);\n  recorder.add(() => done(err));\n};\nrecorder.errHandler((err) => {\n  errHandler(err);\n});\nif (!fn) throw new Error('fn is not defined');\nevent.emit(event.hook.started, suite);\nthis.test.body = fn.toString();\nif (!recorder.isRunning()) {\n  recorder.errHandler((err) => {\n    errHandler(err);\n  });\n}\nconst opts = suite.opts || {};\nconst retries = opts[`retry${ucfirst(hookName)}`] || 0;\npromiseRetry(async (retry, number) => {\n  try {\n    recorder.startUnlessRunning();\n    await fn.call(this, getInjectedArguments(fn));\n    await recorder.promise().catch(err => retry(err));\n  } catch (err) {\n    retry(err);\n  } finally {\n    if (number < retries) {\n      recorder.stop();\n      recorder.start();\n    }\n  }\n}, { retries })\n  .then(() => {\n    recorder.add('fire hook.passed', () => event.emit(event.hook.passed, suite));\n    recorder.add(`finish ${hookName} hook`, () => done());\n    recorder.catch();\n  }).catch((e) => {\n    recorder.throw(e);\n    recorder.catch((e) => {\n      const err = (recorder.getAsyncErr() === null) ? e : recorder.getAsyncErr();\n      errHandler(err);\n    });\n    recorder.add('fire hook.failed', () => event.emit(event.hook.failed, suite, e));\n  });",
              "err": {},
              "uuid": "59a96280-c429-4ac7-856c-38ce79d9cd20",
              "parentUUID": null,
              "isHook": true,
              "skipped": false
            }
          ],
          "afterHooks": [
            {
              "title": "\"after all\" hook: codeceptjs.afterSuite",
              "fullTitle": "Case List Selection \"after all\" hook: codeceptjs.afterSuite",
              "timedOut": false,
              "duration": 0,
              "state": null,
              "speed": null,
              "pass": false,
              "fail": false,
              "pending": false,
              "context": null,
              "code": "scenario.suiteTeardown(suite)",
              "err": {},
              "uuid": "82db1e62-f296-4379-83e4-b75fcfa641ba",
              "parentUUID": null,
              "isHook": true,
              "skipped": false
            },
            {
              "title": "\"after each\" hook: codeceptjs.after",
              "fullTitle": "Case List Selection \"after each\" hook: codeceptjs.after",
              "timedOut": false,
              "duration": 0,
              "state": null,
              "speed": null,
              "pass": false,
              "fail": false,
              "pending": false,
              "context": null,
              "code": "scenario.teardown(suite)",
              "err": {},
              "uuid": "1935086d-9ea3-4b90-8e44-42439c740417",
              "parentUUID": null,
              "isHook": true,
              "skipped": false
            }
          ],
          "tests": [
            {
              "title": "Can see the checkbox column",
              "fullTitle": "Case List Selection Can see the checkbox column",
              "timedOut": false,
              "duration": 0,
              "state": null,
              "speed": null,
              "pass": false,
              "fail": false,
              "pending": false,
              "context": null,
              "code": "runSteps(child.scenario.steps)",
              "err": {},
              "uuid": "dc6cad45-7552-4913-833f-016238de63a9",
              "parentUUID": null,
              "isHook": false,
              "skipped": true
            },
            {
              "title": "Verify Case list selection and Unselection persistence on navigation to case view",
              "fullTitle": "Case List Selection Verify Case list selection and Unselection persistence on navigation to case view",
              "timedOut": false,
              "duration": 0,
              "state": null,
              "speed": null,
              "pass": false,
              "fail": false,
              "pending": false,
              "context": null,
              "code": "runSteps(child.scenario.steps)",
              "err": {},
              "uuid": "b4770b6d-e68c-4f73-8237-24fa7c0755b6",
              "parentUUID": null,
              "isHook": false,
              "skipped": true
            },
            {
              "title": "Verify Case list selection and Unslection persistence over filter changes",
              "fullTitle": "Case List Selection Verify Case list selection and Unslection persistence over filter changes",
              "timedOut": false,
              "duration": 0,
              "state": null,
              "speed": null,
              "pass": false,
              "fail": false,
              "pending": false,
              "context": null,
              "code": "runSteps(child.scenario.steps)",
              "err": {},
              "uuid": "be987526-9e01-4746-bf5e-96c0d4f677e7",
              "parentUUID": null,
              "isHook": false,
              "skipped": true
            },
            {
              "title": "verify Case list select and unselect persists with case list pagination",
              "fullTitle": "Case List Selection verify Case list select and unselect persists with case list pagination",
              "timedOut": false,
              "duration": 0,
              "state": null,
              "speed": null,
              "pass": false,
              "fail": false,
              "pending": false,
              "context": null,
              "code": "runSteps(child.scenario.steps)",
              "err": {},
              "uuid": "7ae14a77-0567-4841-9c5c-42a5ad7ea41d",
              "parentUUID": null,
              "isHook": false,
              "skipped": true
            },
            {
              "title": "verify Case list select and unselect are retained  with sorting",
              "fullTitle": "Case List Selection verify Case list select and unselect are retained  with sorting",
              "timedOut": false,
              "duration": 0,
              "state": null,
              "speed": null,
              "pass": false,
              "fail": false,
              "pending": false,
              "context": null,
              "code": "runSteps(child.scenario.steps)",
              "err": {},
              "uuid": "d613d711-a2a4-4d9e-84b6-b0c488c58717",
              "parentUUID": null,
              "isHook": false,
              "skipped": true
            },
            {
              "title": "Verify Share case of selected cases",
              "fullTitle": "Case List Selection Verify Share case of selected cases",
              "timedOut": false,
              "duration": 0,
              "state": null,
              "speed": null,
              "pass": false,
              "fail": false,
              "pending": false,
              "context": null,
              "code": "runSteps(child.scenario.steps)",
              "err": {},
              "uuid": "20f9f86d-5f2b-4e3a-9a53-745e3b7847d8",
              "parentUUID": null,
              "isHook": false,
              "skipped": true
            }
          ],
          "suites": [],
          "passes": [],
          "failures": [],
          "pending": [],
          "skipped": [
            "dc6cad45-7552-4913-833f-016238de63a9",
            "b4770b6d-e68c-4f73-8237-24fa7c0755b6",
            "be987526-9e01-4746-bf5e-96c0d4f677e7",
            "7ae14a77-0567-4841-9c5c-42a5ad7ea41d",
            "d613d711-a2a4-4d9e-84b6-b0c488c58717",
            "20f9f86d-5f2b-4e3a-9a53-745e3b7847d8"
          ],
          "duration": 0,
          "root": false,
          "rootEmpty": false,
          "_timeout": 0
        },
        {
          "uuid": "ab20e1ee-44d1-4784-ae3d-e6ab7d904d44",
          "title": "Cookie banner functionality @fullfunctional5",
          "fullFile": "/Users/sreekanth/work/moj/ex-ui/rpx-xui-webapp/test_codecept/e2e/features/app/cookieBanner.feature",
          "file": "/test_codecept/e2e/features/app/cookieBanner.feature",
          "beforeHooks": [
            {
              "title": "\"before all\" hook: codeceptjs.beforeSuite",
              "fullTitle": "Cookie banner functionality @fullfunctional5 \"before all\" hook: codeceptjs.beforeSuite",
              "timedOut": false,
              "duration": 0,
              "state": null,
              "speed": null,
              "pass": false,
              "fail": false,
              "pending": false,
              "context": null,
              "code": "scenario.suiteSetup(suite)",
              "err": {},
              "uuid": "6f6a718c-24e5-471d-93a1-0244ea01e02f",
              "parentUUID": null,
              "isHook": true,
              "skipped": false
            },
            {
              "title": "\"before each\" hook: codeceptjs.before",
              "fullTitle": "Cookie banner functionality @fullfunctional5 \"before each\" hook: codeceptjs.before",
              "timedOut": false,
              "duration": 0,
              "state": null,
              "speed": null,
              "pass": false,
              "fail": false,
              "pending": false,
              "context": null,
              "code": "scenario.setup(suite)",
              "err": {},
              "uuid": "251e5806-a06e-49d2-860d-7afff6944824",
              "parentUUID": null,
              "isHook": true,
              "skipped": false
            },
            {
              "title": "\"before each\" hook: Before",
              "fullTitle": "Cookie banner functionality @fullfunctional5 \"before each\" hook: Before",
              "timedOut": false,
              "duration": 0,
              "state": null,
              "speed": null,
              "pass": false,
              "fail": false,
              "pending": false,
              "context": null,
              "code": "const errHandler = (err) => {\n  recorder.session.start('teardown');\n  recorder.cleanAsyncErr();\n  event.emit(event.test.failed, suite, err);\n  if (hookName === 'after') event.emit(event.test.after, suite);\n  if (hookName === 'afterSuite') event.emit(event.suite.after, suite);\n  recorder.add(() => done(err));\n};\nrecorder.errHandler((err) => {\n  errHandler(err);\n});\nif (!fn) throw new Error('fn is not defined');\nevent.emit(event.hook.started, suite);\nthis.test.body = fn.toString();\nif (!recorder.isRunning()) {\n  recorder.errHandler((err) => {\n    errHandler(err);\n  });\n}\nconst opts = suite.opts || {};\nconst retries = opts[`retry${ucfirst(hookName)}`] || 0;\npromiseRetry(async (retry, number) => {\n  try {\n    recorder.startUnlessRunning();\n    await fn.call(this, getInjectedArguments(fn));\n    await recorder.promise().catch(err => retry(err));\n  } catch (err) {\n    retry(err);\n  } finally {\n    if (number < retries) {\n      recorder.stop();\n      recorder.start();\n    }\n  }\n}, { retries })\n  .then(() => {\n    recorder.add('fire hook.passed', () => event.emit(event.hook.passed, suite));\n    recorder.add(`finish ${hookName} hook`, () => done());\n    recorder.catch();\n  }).catch((e) => {\n    recorder.throw(e);\n    recorder.catch((e) => {\n      const err = (recorder.getAsyncErr() === null) ? e : recorder.getAsyncErr();\n      errHandler(err);\n    });\n    recorder.add('fire hook.failed', () => event.emit(event.hook.failed, suite, e));\n  });",
              "err": {},
              "uuid": "3a8ca5bf-0c32-4a0b-b5b9-ef5e6869cbc4",
              "parentUUID": null,
              "isHook": true,
              "skipped": false
            }
          ],
          "afterHooks": [
            {
              "title": "\"after all\" hook: codeceptjs.afterSuite",
              "fullTitle": "Cookie banner functionality @fullfunctional5 \"after all\" hook: codeceptjs.afterSuite",
              "timedOut": false,
              "duration": 0,
              "state": null,
              "speed": null,
              "pass": false,
              "fail": false,
              "pending": false,
              "context": null,
              "code": "scenario.suiteTeardown(suite)",
              "err": {},
              "uuid": "8e5e0349-b2b7-4e94-8ea0-bb479b097ea2",
              "parentUUID": null,
              "isHook": true,
              "skipped": false
            },
            {
              "title": "\"after each\" hook: codeceptjs.after",
              "fullTitle": "Cookie banner functionality @fullfunctional5 \"after each\" hook: codeceptjs.after",
              "timedOut": false,
              "duration": 0,
              "state": null,
              "speed": null,
              "pass": false,
              "fail": false,
              "pending": false,
              "context": null,
              "code": "scenario.teardown(suite)",
              "err": {},
              "uuid": "0313c580-9bfe-4197-89d1-80cd5bf1d050",
              "parentUUID": null,
              "isHook": true,
              "skipped": false
            }
          ],
          "tests": [
            {
              "title": "User accepts additional cookies",
              "fullTitle": "Cookie banner functionality @fullfunctional5 User accepts additional cookies",
              "timedOut": false,
              "duration": 0,
              "state": null,
              "speed": null,
              "pass": false,
              "fail": false,
              "pending": false,
              "context": null,
              "code": "runSteps(child.scenario.steps)",
              "err": {},
              "uuid": "26be2ade-eb3b-490b-b33f-ce3be111fd61",
              "parentUUID": null,
              "isHook": false,
              "skipped": true
            },
            {
              "title": "User rejects additional cookies",
              "fullTitle": "Cookie banner functionality @fullfunctional5 User rejects additional cookies",
              "timedOut": false,
              "duration": 0,
              "state": null,
              "speed": null,
              "pass": false,
              "fail": false,
              "pending": false,
              "context": null,
              "code": "runSteps(child.scenario.steps)",
              "err": {},
              "uuid": "104d70b8-1c05-46ac-8daf-5bef8d08f3cc",
              "parentUUID": null,
              "isHook": false,
              "skipped": true
            }
          ],
          "suites": [],
          "passes": [],
          "failures": [],
          "pending": [],
          "skipped": [
            "26be2ade-eb3b-490b-b33f-ce3be111fd61",
            "104d70b8-1c05-46ac-8daf-5bef8d08f3cc"
          ],
          "duration": 0,
          "root": false,
          "rootEmpty": false,
          "_timeout": 0
        },
        {
          "uuid": "9d7409bd-ea4f-40cd-999b-5c58460e0550",
          "title": "Divorce create case workflow",
          "fullFile": "/Users/sreekanth/work/moj/ex-ui/rpx-xui-webapp/test_codecept/e2e/features/app/divorceCreateCase.feature",
          "file": "/test_codecept/e2e/features/app/divorceCreateCase.feature",
          "beforeHooks": [
            {
              "title": "\"before all\" hook: codeceptjs.beforeSuite",
              "fullTitle": "Divorce create case workflow \"before all\" hook: codeceptjs.beforeSuite",
              "timedOut": false,
              "duration": 0,
              "state": null,
              "speed": null,
              "pass": false,
              "fail": false,
              "pending": false,
              "context": null,
              "code": "scenario.suiteSetup(suite)",
              "err": {},
              "uuid": "f840c7cf-6f01-4866-b2c5-724d88df7296",
              "parentUUID": null,
              "isHook": true,
              "skipped": false
            },
            {
              "title": "\"before each\" hook: codeceptjs.before",
              "fullTitle": "Divorce create case workflow \"before each\" hook: codeceptjs.before",
              "timedOut": false,
              "duration": 0,
              "state": null,
              "speed": null,
              "pass": false,
              "fail": false,
              "pending": false,
              "context": null,
              "code": "scenario.setup(suite)",
              "err": {},
              "uuid": "f929f652-a25f-435c-9fa9-bcc9bb8fdd53",
              "parentUUID": null,
              "isHook": true,
              "skipped": false
            },
            {
              "title": "\"before each\" hook: Before",
              "fullTitle": "Divorce create case workflow \"before each\" hook: Before",
              "timedOut": false,
              "duration": 0,
              "state": null,
              "speed": null,
              "pass": false,
              "fail": false,
              "pending": false,
              "context": null,
              "code": "const errHandler = (err) => {\n  recorder.session.start('teardown');\n  recorder.cleanAsyncErr();\n  event.emit(event.test.failed, suite, err);\n  if (hookName === 'after') event.emit(event.test.after, suite);\n  if (hookName === 'afterSuite') event.emit(event.suite.after, suite);\n  recorder.add(() => done(err));\n};\nrecorder.errHandler((err) => {\n  errHandler(err);\n});\nif (!fn) throw new Error('fn is not defined');\nevent.emit(event.hook.started, suite);\nthis.test.body = fn.toString();\nif (!recorder.isRunning()) {\n  recorder.errHandler((err) => {\n    errHandler(err);\n  });\n}\nconst opts = suite.opts || {};\nconst retries = opts[`retry${ucfirst(hookName)}`] || 0;\npromiseRetry(async (retry, number) => {\n  try {\n    recorder.startUnlessRunning();\n    await fn.call(this, getInjectedArguments(fn));\n    await recorder.promise().catch(err => retry(err));\n  } catch (err) {\n    retry(err);\n  } finally {\n    if (number < retries) {\n      recorder.stop();\n      recorder.start();\n    }\n  }\n}, { retries })\n  .then(() => {\n    recorder.add('fire hook.passed', () => event.emit(event.hook.passed, suite));\n    recorder.add(`finish ${hookName} hook`, () => done());\n    recorder.catch();\n  }).catch((e) => {\n    recorder.throw(e);\n    recorder.catch((e) => {\n      const err = (recorder.getAsyncErr() === null) ? e : recorder.getAsyncErr();\n      errHandler(err);\n    });\n    recorder.add('fire hook.failed', () => event.emit(event.hook.failed, suite, e));\n  });",
              "err": {},
              "uuid": "23567379-edf5-4034-b0db-e446f0d27666",
              "parentUUID": null,
              "isHook": true,
              "skipped": false
            }
          ],
          "afterHooks": [
            {
              "title": "\"after all\" hook: codeceptjs.afterSuite",
              "fullTitle": "Divorce create case workflow \"after all\" hook: codeceptjs.afterSuite",
              "timedOut": false,
              "duration": 0,
              "state": null,
              "speed": null,
              "pass": false,
              "fail": false,
              "pending": false,
              "context": null,
              "code": "scenario.suiteTeardown(suite)",
              "err": {},
              "uuid": "16950fe3-a382-44b0-a132-3c70929b0e25",
              "parentUUID": null,
              "isHook": true,
              "skipped": false
            },
            {
              "title": "\"after each\" hook: codeceptjs.after",
              "fullTitle": "Divorce create case workflow \"after each\" hook: codeceptjs.after",
              "timedOut": false,
              "duration": 0,
              "state": null,
              "speed": null,
              "pass": false,
              "fail": false,
              "pending": false,
              "context": null,
              "code": "scenario.teardown(suite)",
              "err": {},
              "uuid": "64d4f4a1-92b3-4896-ab38-4a9485c9e292",
              "parentUUID": null,
              "isHook": true,
              "skipped": false
            }
          ],
          "tests": [
            {
              "title": "Start create case for Divorce @all",
              "fullTitle": "Divorce create case workflow Start create case for Divorce @all",
              "timedOut": false,
              "duration": 0,
              "state": null,
              "speed": null,
              "pass": false,
              "fail": false,
              "pending": false,
              "context": null,
              "code": "runSteps(child.scenario.steps)",
              "err": {},
              "uuid": "67ad0f3f-da40-4f9c-83c1-117f5120d622",
              "parentUUID": null,
              "isHook": false,
              "skipped": true
            },
            {
              "title": "Create and Submit Divorce Consented Case",
              "fullTitle": "Divorce create case workflow Create and Submit Divorce Consented Case",
              "timedOut": false,
              "duration": 0,
              "state": null,
              "speed": null,
              "pass": false,
              "fail": false,
              "pending": false,
              "context": null,
              "code": "runSteps(child.scenario.steps)",
              "err": {},
              "uuid": "6876d6e5-42db-4274-8684-f9c28bc36c32",
              "parentUUID": null,
              "isHook": false,
              "skipped": true
            }
          ],
          "suites": [],
          "passes": [],
          "failures": [],
          "pending": [],
          "skipped": [
            "67ad0f3f-da40-4f9c-83c1-117f5120d622",
            "6876d6e5-42db-4274-8684-f9c28bc36c32"
          ],
          "duration": 0,
          "root": false,
          "rootEmpty": false,
          "_timeout": 0
        },
        {
          "uuid": "9dbb5740-aedb-4dab-acaf-26a34537cbd0",
          "title": "Application feature variations with professional users Bs Non professional users (EXUI Vx CCD UI)",
          "fullFile": "/Users/sreekanth/work/moj/ex-ui/rpx-xui-webapp/test_codecept/e2e/features/app/exuiVsccdUI.feature",
          "file": "/test_codecept/e2e/features/app/exuiVsccdUI.feature",
          "beforeHooks": [
            {
              "title": "\"before all\" hook: codeceptjs.beforeSuite",
              "fullTitle": "Application feature variations with professional users Bs Non professional users (EXUI Vx CCD UI) \"before all\" hook: codeceptjs.beforeSuite",
              "timedOut": false,
              "duration": 0,
              "state": null,
              "speed": null,
              "pass": false,
              "fail": false,
              "pending": false,
              "context": null,
              "code": "scenario.suiteSetup(suite)",
              "err": {},
              "uuid": "b9d5079d-579e-4b9f-97c0-e1bc806f860e",
              "parentUUID": null,
              "isHook": true,
              "skipped": false
            },
            {
              "title": "\"before each\" hook: codeceptjs.before",
              "fullTitle": "Application feature variations with professional users Bs Non professional users (EXUI Vx CCD UI) \"before each\" hook: codeceptjs.before",
              "timedOut": false,
              "duration": 0,
              "state": null,
              "speed": null,
              "pass": false,
              "fail": false,
              "pending": false,
              "context": null,
              "code": "scenario.setup(suite)",
              "err": {},
              "uuid": "74c512e9-9bd3-4ec0-af79-cce54fb0c9d0",
              "parentUUID": null,
              "isHook": true,
              "skipped": false
            }
          ],
          "afterHooks": [
            {
              "title": "\"after all\" hook: codeceptjs.afterSuite",
              "fullTitle": "Application feature variations with professional users Bs Non professional users (EXUI Vx CCD UI) \"after all\" hook: codeceptjs.afterSuite",
              "timedOut": false,
              "duration": 0,
              "state": null,
              "speed": null,
              "pass": false,
              "fail": false,
              "pending": false,
              "context": null,
              "code": "scenario.suiteTeardown(suite)",
              "err": {},
              "uuid": "4d3c0b20-c789-415d-9c9c-3d4c1a413309",
              "parentUUID": null,
              "isHook": true,
              "skipped": false
            },
            {
              "title": "\"after each\" hook: codeceptjs.after",
              "fullTitle": "Application feature variations with professional users Bs Non professional users (EXUI Vx CCD UI) \"after each\" hook: codeceptjs.after",
              "timedOut": false,
              "duration": 0,
              "state": null,
              "speed": null,
              "pass": false,
              "fail": false,
              "pending": false,
              "context": null,
              "code": "scenario.teardown(suite)",
              "err": {},
              "uuid": "e37c4b35-c716-46e4-b40c-5b3acf0409e8",
              "parentUUID": null,
              "isHook": true,
              "skipped": false
            }
          ],
          "tests": [
            {
              "title": "Share a case feature available to EXUI users",
              "fullTitle": "Application feature variations with professional users Bs Non professional users (EXUI Vx CCD UI) Share a case feature available to EXUI users",
              "timedOut": false,
              "duration": 0,
              "state": null,
              "speed": null,
              "pass": false,
              "fail": false,
              "pending": false,
              "context": null,
              "code": "runSteps(child.scenario.steps)",
              "err": {},
              "uuid": "96c04afa-3e6a-47c0-b6a8-6c78009aca67",
              "parentUUID": null,
              "isHook": false,
              "skipped": true
            },
            {
              "title": "Share a case feature not available to CCD users when logged in to EXUI Manage Cases",
              "fullTitle": "Application feature variations with professional users Bs Non professional users (EXUI Vx CCD UI) Share a case feature not available to CCD users when logged in to EXUI Manage Cases",
              "timedOut": false,
              "duration": 0,
              "state": null,
              "speed": null,
              "pass": false,
              "fail": false,
              "pending": false,
              "context": null,
              "code": "runSteps(child.scenario.steps)",
              "err": {},
              "uuid": "77639707-6ac9-472b-bb5e-ac5dd251f747",
              "parentUUID": null,
              "isHook": false,
              "skipped": true
            }
          ],
          "suites": [],
          "passes": [],
          "failures": [],
          "pending": [],
          "skipped": [
            "96c04afa-3e6a-47c0-b6a8-6c78009aca67",
            "77639707-6ac9-472b-bb5e-ac5dd251f747"
          ],
          "duration": 0,
          "root": false,
          "rootEmpty": false,
          "_timeout": 0
        },
        {
          "uuid": "a737f0e5-5d66-4ceb-abed-7075607bffbd",
          "title": "FPL create case workflow",
          "fullFile": "/Users/sreekanth/work/moj/ex-ui/rpx-xui-webapp/test_codecept/e2e/features/app/fplCreateCase.feature",
          "file": "/test_codecept/e2e/features/app/fplCreateCase.feature",
          "beforeHooks": [
            {
              "title": "\"before all\" hook: codeceptjs.beforeSuite",
              "fullTitle": "FPL create case workflow \"before all\" hook: codeceptjs.beforeSuite",
              "timedOut": false,
              "duration": 0,
              "state": null,
              "speed": null,
              "pass": false,
              "fail": false,
              "pending": false,
              "context": null,
              "code": "scenario.suiteSetup(suite)",
              "err": {},
              "uuid": "1f14fe55-f708-48e4-a52d-e31f415e5dd3",
              "parentUUID": null,
              "isHook": true,
              "skipped": false
            },
            {
              "title": "\"before each\" hook: codeceptjs.before",
              "fullTitle": "FPL create case workflow \"before each\" hook: codeceptjs.before",
              "timedOut": false,
              "duration": 0,
              "state": null,
              "speed": null,
              "pass": false,
              "fail": false,
              "pending": false,
              "context": null,
              "code": "scenario.setup(suite)",
              "err": {},
              "uuid": "a124f094-b33b-4000-8429-d78cabd04cbc",
              "parentUUID": null,
              "isHook": true,
              "skipped": false
            },
            {
              "title": "\"before each\" hook: Before",
              "fullTitle": "FPL create case workflow \"before each\" hook: Before",
              "timedOut": false,
              "duration": 0,
              "state": null,
              "speed": null,
              "pass": false,
              "fail": false,
              "pending": false,
              "context": null,
              "code": "const errHandler = (err) => {\n  recorder.session.start('teardown');\n  recorder.cleanAsyncErr();\n  event.emit(event.test.failed, suite, err);\n  if (hookName === 'after') event.emit(event.test.after, suite);\n  if (hookName === 'afterSuite') event.emit(event.suite.after, suite);\n  recorder.add(() => done(err));\n};\nrecorder.errHandler((err) => {\n  errHandler(err);\n});\nif (!fn) throw new Error('fn is not defined');\nevent.emit(event.hook.started, suite);\nthis.test.body = fn.toString();\nif (!recorder.isRunning()) {\n  recorder.errHandler((err) => {\n    errHandler(err);\n  });\n}\nconst opts = suite.opts || {};\nconst retries = opts[`retry${ucfirst(hookName)}`] || 0;\npromiseRetry(async (retry, number) => {\n  try {\n    recorder.startUnlessRunning();\n    await fn.call(this, getInjectedArguments(fn));\n    await recorder.promise().catch(err => retry(err));\n  } catch (err) {\n    retry(err);\n  } finally {\n    if (number < retries) {\n      recorder.stop();\n      recorder.start();\n    }\n  }\n}, { retries })\n  .then(() => {\n    recorder.add('fire hook.passed', () => event.emit(event.hook.passed, suite));\n    recorder.add(`finish ${hookName} hook`, () => done());\n    recorder.catch();\n  }).catch((e) => {\n    recorder.throw(e);\n    recorder.catch((e) => {\n      const err = (recorder.getAsyncErr() === null) ? e : recorder.getAsyncErr();\n      errHandler(err);\n    });\n    recorder.add('fire hook.failed', () => event.emit(event.hook.failed, suite, e));\n  });",
              "err": {},
              "uuid": "dcf9dcca-1cb8-4c8d-a349-72781c6dc9da",
              "parentUUID": null,
              "isHook": true,
              "skipped": false
            }
          ],
          "afterHooks": [
            {
              "title": "\"after all\" hook: codeceptjs.afterSuite",
              "fullTitle": "FPL create case workflow \"after all\" hook: codeceptjs.afterSuite",
              "timedOut": false,
              "duration": 0,
              "state": null,
              "speed": null,
              "pass": false,
              "fail": false,
              "pending": false,
              "context": null,
              "code": "scenario.suiteTeardown(suite)",
              "err": {},
              "uuid": "2416d89e-a072-4502-b580-7549c852d259",
              "parentUUID": null,
              "isHook": true,
              "skipped": false
            },
            {
              "title": "\"after each\" hook: codeceptjs.after",
              "fullTitle": "FPL create case workflow \"after each\" hook: codeceptjs.after",
              "timedOut": false,
              "duration": 0,
              "state": null,
              "speed": null,
              "pass": false,
              "fail": false,
              "pending": false,
              "context": null,
              "code": "scenario.teardown(suite)",
              "err": {},
              "uuid": "87c2434e-9af4-462a-97a2-75473329cc71",
              "parentUUID": null,
              "isHook": true,
              "skipped": false
            }
          ],
          "tests": [
            {
              "title": "Start create case for FPL case @all",
              "fullTitle": "FPL create case workflow Start create case for FPL case @all",
              "timedOut": false,
              "duration": 0,
              "state": null,
              "speed": null,
              "pass": false,
              "fail": false,
              "pending": false,
              "context": null,
              "code": "runSteps(child.scenario.steps)",
              "err": {},
              "uuid": "fa82c57d-51aa-4262-8e7b-a454020f31a0",
              "parentUUID": null,
              "isHook": false,
              "skipped": true
            },
            {
              "title": "Create and Submit FPL case",
              "fullTitle": "FPL create case workflow Create and Submit FPL case",
              "timedOut": false,
              "duration": 0,
              "state": null,
              "speed": null,
              "pass": false,
              "fail": false,
              "pending": false,
              "context": null,
              "code": "runSteps(child.scenario.steps)",
              "err": {},
              "uuid": "b3272f92-623b-4baa-baa2-6d3d9e148385",
              "parentUUID": null,
              "isHook": false,
              "skipped": true
            }
          ],
          "suites": [],
          "passes": [],
          "failures": [],
          "pending": [],
          "skipped": [
            "fa82c57d-51aa-4262-8e7b-a454020f31a0",
            "b3272f92-623b-4baa-baa2-6d3d9e148385"
          ],
          "duration": 0,
          "root": false,
          "rootEmpty": false,
          "_timeout": 0
        },
        {
          "uuid": "a70a7063-e097-480c-848a-961fea7319da",
          "title": "FR create case workflow - Case Worker",
          "fullFile": "/Users/sreekanth/work/moj/ex-ui/rpx-xui-webapp/test_codecept/e2e/features/app/FRCreateCase_CaseWorker.feature",
          "file": "/test_codecept/e2e/features/app/FRCreateCase_CaseWorker.feature",
          "beforeHooks": [
            {
              "title": "\"before all\" hook: codeceptjs.beforeSuite",
              "fullTitle": "FR create case workflow - Case Worker \"before all\" hook: codeceptjs.beforeSuite",
              "timedOut": false,
              "duration": 0,
              "state": null,
              "speed": null,
              "pass": false,
              "fail": false,
              "pending": false,
              "context": null,
              "code": "scenario.suiteSetup(suite)",
              "err": {},
              "uuid": "452ab735-0ce2-47a6-ba12-84bb0d82dafc",
              "parentUUID": null,
              "isHook": true,
              "skipped": false
            },
            {
              "title": "\"before each\" hook: codeceptjs.before",
              "fullTitle": "FR create case workflow - Case Worker \"before each\" hook: codeceptjs.before",
              "timedOut": false,
              "duration": 0,
              "state": null,
              "speed": null,
              "pass": false,
              "fail": false,
              "pending": false,
              "context": null,
              "code": "scenario.setup(suite)",
              "err": {},
              "uuid": "d0c73341-a15f-42fe-9b26-70bf09c0941c",
              "parentUUID": null,
              "isHook": true,
              "skipped": false
            },
            {
              "title": "\"before each\" hook: Before",
              "fullTitle": "FR create case workflow - Case Worker \"before each\" hook: Before",
              "timedOut": false,
              "duration": 0,
              "state": null,
              "speed": null,
              "pass": false,
              "fail": false,
              "pending": false,
              "context": null,
              "code": "const errHandler = (err) => {\n  recorder.session.start('teardown');\n  recorder.cleanAsyncErr();\n  event.emit(event.test.failed, suite, err);\n  if (hookName === 'after') event.emit(event.test.after, suite);\n  if (hookName === 'afterSuite') event.emit(event.suite.after, suite);\n  recorder.add(() => done(err));\n};\nrecorder.errHandler((err) => {\n  errHandler(err);\n});\nif (!fn) throw new Error('fn is not defined');\nevent.emit(event.hook.started, suite);\nthis.test.body = fn.toString();\nif (!recorder.isRunning()) {\n  recorder.errHandler((err) => {\n    errHandler(err);\n  });\n}\nconst opts = suite.opts || {};\nconst retries = opts[`retry${ucfirst(hookName)}`] || 0;\npromiseRetry(async (retry, number) => {\n  try {\n    recorder.startUnlessRunning();\n    await fn.call(this, getInjectedArguments(fn));\n    await recorder.promise().catch(err => retry(err));\n  } catch (err) {\n    retry(err);\n  } finally {\n    if (number < retries) {\n      recorder.stop();\n      recorder.start();\n    }\n  }\n}, { retries })\n  .then(() => {\n    recorder.add('fire hook.passed', () => event.emit(event.hook.passed, suite));\n    recorder.add(`finish ${hookName} hook`, () => done());\n    recorder.catch();\n  }).catch((e) => {\n    recorder.throw(e);\n    recorder.catch((e) => {\n      const err = (recorder.getAsyncErr() === null) ? e : recorder.getAsyncErr();\n      errHandler(err);\n    });\n    recorder.add('fire hook.failed', () => event.emit(event.hook.failed, suite, e));\n  });",
              "err": {},
              "uuid": "b288a91a-db08-47cb-af17-01dc9f7c055b",
              "parentUUID": null,
              "isHook": true,
              "skipped": false
            }
          ],
          "afterHooks": [
            {
              "title": "\"after all\" hook: codeceptjs.afterSuite",
              "fullTitle": "FR create case workflow - Case Worker \"after all\" hook: codeceptjs.afterSuite",
              "timedOut": false,
              "duration": 0,
              "state": null,
              "speed": null,
              "pass": false,
              "fail": false,
              "pending": false,
              "context": null,
              "code": "scenario.suiteTeardown(suite)",
              "err": {},
              "uuid": "1ff80eeb-f1bc-478e-9285-6ed4a5d3faa3",
              "parentUUID": null,
              "isHook": true,
              "skipped": false
            },
            {
              "title": "\"after each\" hook: codeceptjs.after",
              "fullTitle": "FR create case workflow - Case Worker \"after each\" hook: codeceptjs.after",
              "timedOut": false,
              "duration": 0,
              "state": null,
              "speed": null,
              "pass": false,
              "fail": false,
              "pending": false,
              "context": null,
              "code": "scenario.teardown(suite)",
              "err": {},
              "uuid": "8115b373-4033-4bfa-8f2d-03242ecbb476",
              "parentUUID": null,
              "isHook": true,
              "skipped": false
            }
          ],
          "tests": [
            {
              "title": "Start FR Case Creation {\"Jurisdiction\":\"Family Divorce\",\"CaseType\":\"Financial Remedy Consented\",\"Event\":\"Consent Order Application\"}",
              "fullTitle": "FR create case workflow - Case Worker Start FR Case Creation {\"Jurisdiction\":\"Family Divorce\",\"CaseType\":\"Financial Remedy Consented\",\"Event\":\"Consent Order Application\"}",
              "timedOut": false,
              "duration": 0,
              "state": null,
              "speed": null,
              "pass": false,
              "fail": false,
              "pending": false,
              "context": null,
              "code": "runSteps(addExampleInTable(exampleSteps, current)",
              "err": {},
              "uuid": "7b93789c-429a-42d7-b8ba-6038d1aefb72",
              "parentUUID": null,
              "isHook": false,
              "skipped": true
            },
            {
              "title": "Start FR Case Creation {\"Jurisdiction\":\"Family Divorce\",\"CaseType\":\"Contested Financial Remedy\",\"Event\":\"Form A Application\"}",
              "fullTitle": "FR create case workflow - Case Worker Start FR Case Creation {\"Jurisdiction\":\"Family Divorce\",\"CaseType\":\"Contested Financial Remedy\",\"Event\":\"Form A Application\"}",
              "timedOut": false,
              "duration": 0,
              "state": null,
              "speed": null,
              "pass": false,
              "fail": false,
              "pending": false,
              "context": null,
              "code": "runSteps(addExampleInTable(exampleSteps, current)",
              "err": {},
              "uuid": "c31da5a2-4450-4184-834d-274af1384733",
              "parentUUID": null,
              "isHook": false,
              "skipped": true
            },
            {
              "title": "Create and Submit FR Casese {\"Jurisdiction\":\"Family Divorce\",\"CaseType\":\"Financial Remedy Consented\",\"Event\":\"Consent Order Application\"}",
              "fullTitle": "FR create case workflow - Case Worker Create and Submit FR Casese {\"Jurisdiction\":\"Family Divorce\",\"CaseType\":\"Financial Remedy Consented\",\"Event\":\"Consent Order Application\"}",
              "timedOut": false,
              "duration": 0,
              "state": null,
              "speed": null,
              "pass": false,
              "fail": false,
              "pending": false,
              "context": null,
              "code": "runSteps(addExampleInTable(exampleSteps, current)",
              "err": {},
              "uuid": "329113c9-fe7d-436d-8a5f-f7cb455d9ee2",
              "parentUUID": null,
              "isHook": false,
              "skipped": true
            },
            {
              "title": "Create and Submit FR Casese {\"Jurisdiction\":\"Family Divorce\",\"CaseType\":\"Contested Financial Remedy\",\"Event\":\"Form A Application\"}",
              "fullTitle": "FR create case workflow - Case Worker Create and Submit FR Casese {\"Jurisdiction\":\"Family Divorce\",\"CaseType\":\"Contested Financial Remedy\",\"Event\":\"Form A Application\"}",
              "timedOut": false,
              "duration": 0,
              "state": null,
              "speed": null,
              "pass": false,
              "fail": false,
              "pending": false,
              "context": null,
              "code": "runSteps(addExampleInTable(exampleSteps, current)",
              "err": {},
              "uuid": "409febf9-f7be-4ce9-877b-f88055b3b373",
              "parentUUID": null,
              "isHook": false,
              "skipped": true
            }
          ],
          "suites": [],
          "passes": [],
          "failures": [],
          "pending": [],
          "skipped": [
            "7b93789c-429a-42d7-b8ba-6038d1aefb72",
            "c31da5a2-4450-4184-834d-274af1384733",
            "329113c9-fe7d-436d-8a5f-f7cb455d9ee2",
            "409febf9-f7be-4ce9-877b-f88055b3b373"
          ],
          "duration": 0,
          "root": false,
          "rootEmpty": false,
          "_timeout": 0
        },
        {
          "uuid": "e9a47895-71b9-4a36-8601-80f5d2614282",
          "title": "FR create case workflow",
          "fullFile": "/Users/sreekanth/work/moj/ex-ui/rpx-xui-webapp/test_codecept/e2e/features/app/FRCreateCase_solicitor.feature",
          "file": "/test_codecept/e2e/features/app/FRCreateCase_solicitor.feature",
          "beforeHooks": [
            {
              "title": "\"before all\" hook: codeceptjs.beforeSuite",
              "fullTitle": "FR create case workflow \"before all\" hook: codeceptjs.beforeSuite",
              "timedOut": false,
              "duration": 0,
              "state": null,
              "speed": null,
              "pass": false,
              "fail": false,
              "pending": false,
              "context": null,
              "code": "scenario.suiteSetup(suite)",
              "err": {},
              "uuid": "ea60584a-56ef-4274-9039-6cb3161d5bd1",
              "parentUUID": null,
              "isHook": true,
              "skipped": false
            },
            {
              "title": "\"before each\" hook: codeceptjs.before",
              "fullTitle": "FR create case workflow \"before each\" hook: codeceptjs.before",
              "timedOut": false,
              "duration": 0,
              "state": null,
              "speed": null,
              "pass": false,
              "fail": false,
              "pending": false,
              "context": null,
              "code": "scenario.setup(suite)",
              "err": {},
              "uuid": "309eb302-d477-4512-8d10-8174c8b21726",
              "parentUUID": null,
              "isHook": true,
              "skipped": false
            },
            {
              "title": "\"before each\" hook: Before",
              "fullTitle": "FR create case workflow \"before each\" hook: Before",
              "timedOut": false,
              "duration": 0,
              "state": null,
              "speed": null,
              "pass": false,
              "fail": false,
              "pending": false,
              "context": null,
              "code": "const errHandler = (err) => {\n  recorder.session.start('teardown');\n  recorder.cleanAsyncErr();\n  event.emit(event.test.failed, suite, err);\n  if (hookName === 'after') event.emit(event.test.after, suite);\n  if (hookName === 'afterSuite') event.emit(event.suite.after, suite);\n  recorder.add(() => done(err));\n};\nrecorder.errHandler((err) => {\n  errHandler(err);\n});\nif (!fn) throw new Error('fn is not defined');\nevent.emit(event.hook.started, suite);\nthis.test.body = fn.toString();\nif (!recorder.isRunning()) {\n  recorder.errHandler((err) => {\n    errHandler(err);\n  });\n}\nconst opts = suite.opts || {};\nconst retries = opts[`retry${ucfirst(hookName)}`] || 0;\npromiseRetry(async (retry, number) => {\n  try {\n    recorder.startUnlessRunning();\n    await fn.call(this, getInjectedArguments(fn));\n    await recorder.promise().catch(err => retry(err));\n  } catch (err) {\n    retry(err);\n  } finally {\n    if (number < retries) {\n      recorder.stop();\n      recorder.start();\n    }\n  }\n}, { retries })\n  .then(() => {\n    recorder.add('fire hook.passed', () => event.emit(event.hook.passed, suite));\n    recorder.add(`finish ${hookName} hook`, () => done());\n    recorder.catch();\n  }).catch((e) => {\n    recorder.throw(e);\n    recorder.catch((e) => {\n      const err = (recorder.getAsyncErr() === null) ? e : recorder.getAsyncErr();\n      errHandler(err);\n    });\n    recorder.add('fire hook.failed', () => event.emit(event.hook.failed, suite, e));\n  });",
              "err": {},
              "uuid": "35f37d52-64a8-408f-9b90-0324ef48da69",
              "parentUUID": null,
              "isHook": true,
              "skipped": false
            }
          ],
          "afterHooks": [
            {
              "title": "\"after all\" hook: codeceptjs.afterSuite",
              "fullTitle": "FR create case workflow \"after all\" hook: codeceptjs.afterSuite",
              "timedOut": false,
              "duration": 0,
              "state": null,
              "speed": null,
              "pass": false,
              "fail": false,
              "pending": false,
              "context": null,
              "code": "scenario.suiteTeardown(suite)",
              "err": {},
              "uuid": "ec65e829-794a-42bf-84d0-ec9777223185",
              "parentUUID": null,
              "isHook": true,
              "skipped": false
            },
            {
              "title": "\"after each\" hook: codeceptjs.after",
              "fullTitle": "FR create case workflow \"after each\" hook: codeceptjs.after",
              "timedOut": false,
              "duration": 0,
              "state": null,
              "speed": null,
              "pass": false,
              "fail": false,
              "pending": false,
              "context": null,
              "code": "scenario.teardown(suite)",
              "err": {},
              "uuid": "a1c6b7d8-84ec-491a-81b3-b761b2fab4cd",
              "parentUUID": null,
              "isHook": true,
              "skipped": false
            }
          ],
          "tests": [
            {
              "title": "Start FR Case creation {\"Jurisdiction\":\"Family Divorce\",\"CaseType\":\"Financial Remedy Consented\",\"Event\":\"Consent Order Application\"}",
              "fullTitle": "FR create case workflow Start FR Case creation {\"Jurisdiction\":\"Family Divorce\",\"CaseType\":\"Financial Remedy Consented\",\"Event\":\"Consent Order Application\"}",
              "timedOut": false,
              "duration": 0,
              "state": null,
              "speed": null,
              "pass": false,
              "fail": false,
              "pending": false,
              "context": null,
              "code": "runSteps(addExampleInTable(exampleSteps, current)",
              "err": {},
              "uuid": "0a1a79e0-86ce-4bd4-b8ac-02111663f09d",
              "parentUUID": null,
              "isHook": false,
              "skipped": true
            },
            {
              "title": "Start FR Case creation {\"Jurisdiction\":\"Family Divorce\",\"CaseType\":\"Contested Financial Remedy\",\"Event\":\"Form A Application\"}",
              "fullTitle": "FR create case workflow Start FR Case creation {\"Jurisdiction\":\"Family Divorce\",\"CaseType\":\"Contested Financial Remedy\",\"Event\":\"Form A Application\"}",
              "timedOut": false,
              "duration": 0,
              "state": null,
              "speed": null,
              "pass": false,
              "fail": false,
              "pending": false,
              "context": null,
              "code": "runSteps(addExampleInTable(exampleSteps, current)",
              "err": {},
              "uuid": "df745f1d-3ccb-42c0-a9e5-02f52ffc3f89",
              "parentUUID": null,
              "isHook": false,
              "skipped": true
            },
            {
              "title": "Cancel FR Case creation {\"Jurisdiction\":\"Family Divorce\",\"CaseType\":\"Financial Remedy Consented\",\"Event\":\"Consent Order Application\"}",
              "fullTitle": "FR create case workflow Cancel FR Case creation {\"Jurisdiction\":\"Family Divorce\",\"CaseType\":\"Financial Remedy Consented\",\"Event\":\"Consent Order Application\"}",
              "timedOut": false,
              "duration": 0,
              "state": null,
              "speed": null,
              "pass": false,
              "fail": false,
              "pending": false,
              "context": null,
              "code": "runSteps(addExampleInTable(exampleSteps, current)",
              "err": {},
              "uuid": "848e9ce7-3e36-45ff-a888-025b296627b6",
              "parentUUID": null,
              "isHook": false,
              "skipped": true
            },
            {
              "title": "Cancel FR Case creation {\"Jurisdiction\":\"Family Divorce\",\"CaseType\":\"Contested Financial Remedy\",\"Event\":\"Form A Application\"}",
              "fullTitle": "FR create case workflow Cancel FR Case creation {\"Jurisdiction\":\"Family Divorce\",\"CaseType\":\"Contested Financial Remedy\",\"Event\":\"Form A Application\"}",
              "timedOut": false,
              "duration": 0,
              "state": null,
              "speed": null,
              "pass": false,
              "fail": false,
              "pending": false,
              "context": null,
              "code": "runSteps(addExampleInTable(exampleSteps, current)",
              "err": {},
              "uuid": "34e6f4e8-8c2e-4da1-955d-155058418f77",
              "parentUUID": null,
              "isHook": false,
              "skipped": true
            },
            {
              "title": "Create and Submit FR Case {\"Jurisdiction\":\"Family Divorce\",\"CaseType\":\"Financial Remedy Consented\",\"Event\":\"Consent Order Application\"}",
              "fullTitle": "FR create case workflow Create and Submit FR Case {\"Jurisdiction\":\"Family Divorce\",\"CaseType\":\"Financial Remedy Consented\",\"Event\":\"Consent Order Application\"}",
              "timedOut": false,
              "duration": 0,
              "state": null,
              "speed": null,
              "pass": false,
              "fail": false,
              "pending": false,
              "context": null,
              "code": "runSteps(addExampleInTable(exampleSteps, current)",
              "err": {},
              "uuid": "097b29b8-679b-4288-8e32-db2ff64d719c",
              "parentUUID": null,
              "isHook": false,
              "skipped": true
            },
            {
              "title": "Create and Submit FR Case {\"Jurisdiction\":\"Family Divorce\",\"CaseType\":\"Contested Financial Remedy\",\"Event\":\"Form A Application\"}",
              "fullTitle": "FR create case workflow Create and Submit FR Case {\"Jurisdiction\":\"Family Divorce\",\"CaseType\":\"Contested Financial Remedy\",\"Event\":\"Form A Application\"}",
              "timedOut": false,
              "duration": 0,
              "state": null,
              "speed": null,
              "pass": false,
              "fail": false,
              "pending": false,
              "context": null,
              "code": "runSteps(addExampleInTable(exampleSteps, current)",
              "err": {},
              "uuid": "254d3a57-8288-438d-83c6-790353f871b3",
              "parentUUID": null,
              "isHook": false,
              "skipped": true
            },
            {
              "title": "Start Next Step on  FR Case {\"Jurisdiction\":\"Family Divorce\",\"CaseType\":\"Financial Remedy Consented\",\"Event\":\"Consent Order Application\"}",
              "fullTitle": "FR create case workflow Start Next Step on  FR Case {\"Jurisdiction\":\"Family Divorce\",\"CaseType\":\"Financial Remedy Consented\",\"Event\":\"Consent Order Application\"}",
              "timedOut": false,
              "duration": 0,
              "state": null,
              "speed": null,
              "pass": false,
              "fail": false,
              "pending": false,
              "context": null,
              "code": "runSteps(addExampleInTable(exampleSteps, current)",
              "err": {},
              "uuid": "ed9e67de-fc1d-4519-ba7f-2fee67b2314b",
              "parentUUID": null,
              "isHook": false,
              "skipped": true
            },
            {
              "title": "Start Next Step on  FR Case {\"Jurisdiction\":\"Family Divorce\",\"CaseType\":\"Contested Financial Remedy\",\"Event\":\"Form A Application\"}",
              "fullTitle": "FR create case workflow Start Next Step on  FR Case {\"Jurisdiction\":\"Family Divorce\",\"CaseType\":\"Contested Financial Remedy\",\"Event\":\"Form A Application\"}",
              "timedOut": false,
              "duration": 0,
              "state": null,
              "speed": null,
              "pass": false,
              "fail": false,
              "pending": false,
              "context": null,
              "code": "runSteps(addExampleInTable(exampleSteps, current)",
              "err": {},
              "uuid": "4d0a37b6-5b7e-4b54-8537-6be2c60840a5",
              "parentUUID": null,
              "isHook": false,
              "skipped": true
            }
          ],
          "suites": [],
          "passes": [],
          "failures": [],
          "pending": [],
          "skipped": [
            "0a1a79e0-86ce-4bd4-b8ac-02111663f09d",
            "df745f1d-3ccb-42c0-a9e5-02f52ffc3f89",
            "848e9ce7-3e36-45ff-a888-025b296627b6",
            "34e6f4e8-8c2e-4da1-955d-155058418f77",
            "097b29b8-679b-4288-8e32-db2ff64d719c",
            "254d3a57-8288-438d-83c6-790353f871b3",
            "ed9e67de-fc1d-4519-ba7f-2fee67b2314b",
            "4d0a37b6-5b7e-4b54-8537-6be2c60840a5"
          ],
          "duration": 0,
          "root": false,
          "rootEmpty": false,
          "_timeout": 0
        },
        {
          "uuid": "f100e2d3-a449-49c2-bbe1-2ff4109936bd",
          "title": "Global search @fullfunctional @ignore",
          "fullFile": "/Users/sreekanth/work/moj/ex-ui/rpx-xui-webapp/test_codecept/e2e/features/app/globalSearch/searchPage.feature",
          "file": "/test_codecept/e2e/features/app/globalSearch/searchPage.feature",
          "beforeHooks": [
            {
              "title": "\"before all\" hook: codeceptjs.beforeSuite",
              "fullTitle": "Global search @fullfunctional @ignore \"before all\" hook: codeceptjs.beforeSuite",
              "timedOut": false,
              "duration": 0,
              "state": null,
              "speed": null,
              "pass": false,
              "fail": false,
              "pending": false,
              "context": null,
              "code": "scenario.suiteSetup(suite)",
              "err": {},
              "uuid": "78916c75-6bbd-4ac0-a9c7-b9d5e73b2935",
              "parentUUID": null,
              "isHook": true,
              "skipped": false
            },
            {
              "title": "\"before each\" hook: codeceptjs.before",
              "fullTitle": "Global search @fullfunctional @ignore \"before each\" hook: codeceptjs.before",
              "timedOut": false,
              "duration": 0,
              "state": null,
              "speed": null,
              "pass": false,
              "fail": false,
              "pending": false,
              "context": null,
              "code": "scenario.setup(suite)",
              "err": {},
              "uuid": "976adbc5-a5ea-4c89-962c-570c42df05eb",
              "parentUUID": null,
              "isHook": true,
              "skipped": false
            }
          ],
          "afterHooks": [
            {
              "title": "\"after all\" hook: codeceptjs.afterSuite",
              "fullTitle": "Global search @fullfunctional @ignore \"after all\" hook: codeceptjs.afterSuite",
              "timedOut": false,
              "duration": 0,
              "state": null,
              "speed": null,
              "pass": false,
              "fail": false,
              "pending": false,
              "context": null,
              "code": "scenario.suiteTeardown(suite)",
              "err": {},
              "uuid": "6f7a8470-7895-425b-ba40-0bd4bbfea720",
              "parentUUID": null,
              "isHook": true,
              "skipped": false
            },
            {
              "title": "\"after each\" hook: codeceptjs.after",
              "fullTitle": "Global search @fullfunctional @ignore \"after each\" hook: codeceptjs.after",
              "timedOut": false,
              "duration": 0,
              "state": null,
              "speed": null,
              "pass": false,
              "fail": false,
              "pending": false,
              "context": null,
              "code": "scenario.teardown(suite)",
              "err": {},
              "uuid": "ed881b6b-fb92-4aac-b049-9ccfd06fbbba",
              "parentUUID": null,
              "isHook": true,
              "skipped": false
            }
          ],
          "tests": [
            {
              "title": "Search from page \"Search\" {\"SearchField\":\"Name\",\"Input\":\"test\"}",
              "fullTitle": "Global search @fullfunctional @ignore Search from page \"Search\" {\"SearchField\":\"Name\",\"Input\":\"test\"}",
              "timedOut": false,
              "duration": 0,
              "state": null,
              "speed": null,
              "pass": false,
              "fail": false,
              "pending": false,
              "context": null,
              "code": "runSteps(addExampleInTable(exampleSteps, current)",
              "err": {},
              "uuid": "fa9172b6-864a-449c-bb92-9e6622ce0e1d",
              "parentUUID": null,
              "isHook": false,
              "skipped": true
            },
            {
              "title": "Search from page \"Search\" {\"SearchField\":\"16-digit case reference\",\"Input\":\"1659516513846003\"}",
              "fullTitle": "Global search @fullfunctional @ignore Search from page \"Search\" {\"SearchField\":\"16-digit case reference\",\"Input\":\"1659516513846003\"}",
              "timedOut": false,
              "duration": 0,
              "state": null,
              "speed": null,
              "pass": false,
              "fail": false,
              "pending": false,
              "context": null,
              "code": "runSteps(addExampleInTable(exampleSteps, current)",
              "err": {},
              "uuid": "abba27fd-aad7-4460-865c-0a11c2605ede",
              "parentUUID": null,
              "isHook": false,
              "skipped": true
            },
            {
              "title": "Search from menu 16-digit find control",
              "fullTitle": "Global search @fullfunctional @ignore Search from menu 16-digit find control",
              "timedOut": false,
              "duration": 0,
              "state": null,
              "speed": null,
              "pass": false,
              "fail": false,
              "pending": false,
              "context": null,
              "code": "runSteps(child.scenario.steps)",
              "err": {},
              "uuid": "8e66c941-03fd-4e75-ac0b-73058cd91639",
              "parentUUID": null,
              "isHook": false,
              "skipped": true
            }
          ],
          "suites": [],
          "passes": [],
          "failures": [],
          "pending": [],
          "skipped": [
            "fa9172b6-864a-449c-bb92-9e6622ce0e1d",
            "abba27fd-aad7-4460-865c-0a11c2605ede",
            "8e66c941-03fd-4e75-ac0b-73058cd91639"
          ],
          "duration": 0,
          "root": false,
          "rootEmpty": false,
          "_timeout": 0
        },
        {
          "uuid": "ae3f6ea3-43c4-4a61-985b-d8036ba8dd1a",
          "title": "IA create case workflow",
          "fullFile": "/Users/sreekanth/work/moj/ex-ui/rpx-xui-webapp/test_codecept/e2e/features/app/iaCompleteCreateCaseJourney.feature",
          "file": "/test_codecept/e2e/features/app/iaCompleteCreateCaseJourney.feature",
          "beforeHooks": [
            {
              "title": "\"before all\" hook: codeceptjs.beforeSuite",
              "fullTitle": "IA create case workflow \"before all\" hook: codeceptjs.beforeSuite",
              "timedOut": false,
              "duration": 0,
              "state": null,
              "speed": null,
              "pass": false,
              "fail": false,
              "pending": false,
              "context": null,
              "code": "scenario.suiteSetup(suite)",
              "err": {},
              "uuid": "163af17b-efb0-4440-89b5-b8a676850955",
              "parentUUID": null,
              "isHook": true,
              "skipped": false
            },
            {
              "title": "\"before each\" hook: codeceptjs.before",
              "fullTitle": "IA create case workflow \"before each\" hook: codeceptjs.before",
              "timedOut": false,
              "duration": 0,
              "state": null,
              "speed": null,
              "pass": false,
              "fail": false,
              "pending": false,
              "context": null,
              "code": "scenario.setup(suite)",
              "err": {},
              "uuid": "0a6193ad-129e-43d4-a915-0523d1c53616",
              "parentUUID": null,
              "isHook": true,
              "skipped": false
            },
            {
              "title": "\"before each\" hook: Before",
              "fullTitle": "IA create case workflow \"before each\" hook: Before",
              "timedOut": false,
              "duration": 0,
              "state": null,
              "speed": null,
              "pass": false,
              "fail": false,
              "pending": false,
              "context": null,
              "code": "const errHandler = (err) => {\n  recorder.session.start('teardown');\n  recorder.cleanAsyncErr();\n  event.emit(event.test.failed, suite, err);\n  if (hookName === 'after') event.emit(event.test.after, suite);\n  if (hookName === 'afterSuite') event.emit(event.suite.after, suite);\n  recorder.add(() => done(err));\n};\nrecorder.errHandler((err) => {\n  errHandler(err);\n});\nif (!fn) throw new Error('fn is not defined');\nevent.emit(event.hook.started, suite);\nthis.test.body = fn.toString();\nif (!recorder.isRunning()) {\n  recorder.errHandler((err) => {\n    errHandler(err);\n  });\n}\nconst opts = suite.opts || {};\nconst retries = opts[`retry${ucfirst(hookName)}`] || 0;\npromiseRetry(async (retry, number) => {\n  try {\n    recorder.startUnlessRunning();\n    await fn.call(this, getInjectedArguments(fn));\n    await recorder.promise().catch(err => retry(err));\n  } catch (err) {\n    retry(err);\n  } finally {\n    if (number < retries) {\n      recorder.stop();\n      recorder.start();\n    }\n  }\n}, { retries })\n  .then(() => {\n    recorder.add('fire hook.passed', () => event.emit(event.hook.passed, suite));\n    recorder.add(`finish ${hookName} hook`, () => done());\n    recorder.catch();\n  }).catch((e) => {\n    recorder.throw(e);\n    recorder.catch((e) => {\n      const err = (recorder.getAsyncErr() === null) ? e : recorder.getAsyncErr();\n      errHandler(err);\n    });\n    recorder.add('fire hook.failed', () => event.emit(event.hook.failed, suite, e));\n  });",
              "err": {},
              "uuid": "9d23cc1d-1f75-4c52-b0ba-45607f55dcc1",
              "parentUUID": null,
              "isHook": true,
              "skipped": false
            }
          ],
          "afterHooks": [
            {
              "title": "\"after all\" hook: codeceptjs.afterSuite",
              "fullTitle": "IA create case workflow \"after all\" hook: codeceptjs.afterSuite",
              "timedOut": false,
              "duration": 0,
              "state": null,
              "speed": null,
              "pass": false,
              "fail": false,
              "pending": false,
              "context": null,
              "code": "scenario.suiteTeardown(suite)",
              "err": {},
              "uuid": "28fcb126-b629-4fc6-896e-815ce1db3a2f",
              "parentUUID": null,
              "isHook": true,
              "skipped": false
            },
            {
              "title": "\"after each\" hook: codeceptjs.after",
              "fullTitle": "IA create case workflow \"after each\" hook: codeceptjs.after",
              "timedOut": false,
              "duration": 0,
              "state": null,
              "speed": null,
              "pass": false,
              "fail": false,
              "pending": false,
              "context": null,
              "code": "scenario.teardown(suite)",
              "err": {},
              "uuid": "cd5b7a03-a45e-447f-8251-f412e193ff37",
              "parentUUID": null,
              "isHook": true,
              "skipped": false
            }
          ],
          "tests": [
            {
              "title": "Create and Submit IA Case start appeal",
              "fullTitle": "IA create case workflow Create and Submit IA Case start appeal",
              "timedOut": false,
              "duration": 0,
              "state": null,
              "speed": null,
              "pass": false,
              "fail": false,
              "pending": false,
              "context": null,
              "code": "runSteps(child.scenario.steps)",
              "err": {},
              "uuid": "f55d3443-fddf-4206-a2b6-611016dfa688",
              "parentUUID": null,
              "isHook": false,
              "skipped": true
            }
          ],
          "suites": [],
          "passes": [],
          "failures": [],
          "pending": [],
          "skipped": [
            "f55d3443-fddf-4206-a2b6-611016dfa688"
          ],
          "duration": 0,
          "root": false,
          "rootEmpty": false,
          "_timeout": 0
        },
        {
          "uuid": "c2801339-1a45-47bb-9274-2ae95d4615a6",
          "title": "IA create case workflow",
          "fullFile": "/Users/sreekanth/work/moj/ex-ui/rpx-xui-webapp/test_codecept/e2e/features/app/iaCreateCase.feature",
          "file": "/test_codecept/e2e/features/app/iaCreateCase.feature",
          "beforeHooks": [
            {
              "title": "\"before all\" hook: codeceptjs.beforeSuite",
              "fullTitle": "IA create case workflow \"before all\" hook: codeceptjs.beforeSuite",
              "timedOut": false,
              "duration": 0,
              "state": null,
              "speed": null,
              "pass": false,
              "fail": false,
              "pending": false,
              "context": null,
              "code": "scenario.suiteSetup(suite)",
              "err": {},
              "uuid": "8b4544c0-5f8d-4224-86be-b88f62afc2d3",
              "parentUUID": null,
              "isHook": true,
              "skipped": false
            },
            {
              "title": "\"before each\" hook: codeceptjs.before",
              "fullTitle": "IA create case workflow \"before each\" hook: codeceptjs.before",
              "timedOut": false,
              "duration": 0,
              "state": null,
              "speed": null,
              "pass": false,
              "fail": false,
              "pending": false,
              "context": null,
              "code": "scenario.setup(suite)",
              "err": {},
              "uuid": "291b15f0-9e5e-46d9-8462-91f69b083672",
              "parentUUID": null,
              "isHook": true,
              "skipped": false
            },
            {
              "title": "\"before each\" hook: Before",
              "fullTitle": "IA create case workflow \"before each\" hook: Before",
              "timedOut": false,
              "duration": 0,
              "state": null,
              "speed": null,
              "pass": false,
              "fail": false,
              "pending": false,
              "context": null,
              "code": "const errHandler = (err) => {\n  recorder.session.start('teardown');\n  recorder.cleanAsyncErr();\n  event.emit(event.test.failed, suite, err);\n  if (hookName === 'after') event.emit(event.test.after, suite);\n  if (hookName === 'afterSuite') event.emit(event.suite.after, suite);\n  recorder.add(() => done(err));\n};\nrecorder.errHandler((err) => {\n  errHandler(err);\n});\nif (!fn) throw new Error('fn is not defined');\nevent.emit(event.hook.started, suite);\nthis.test.body = fn.toString();\nif (!recorder.isRunning()) {\n  recorder.errHandler((err) => {\n    errHandler(err);\n  });\n}\nconst opts = suite.opts || {};\nconst retries = opts[`retry${ucfirst(hookName)}`] || 0;\npromiseRetry(async (retry, number) => {\n  try {\n    recorder.startUnlessRunning();\n    await fn.call(this, getInjectedArguments(fn));\n    await recorder.promise().catch(err => retry(err));\n  } catch (err) {\n    retry(err);\n  } finally {\n    if (number < retries) {\n      recorder.stop();\n      recorder.start();\n    }\n  }\n}, { retries })\n  .then(() => {\n    recorder.add('fire hook.passed', () => event.emit(event.hook.passed, suite));\n    recorder.add(`finish ${hookName} hook`, () => done());\n    recorder.catch();\n  }).catch((e) => {\n    recorder.throw(e);\n    recorder.catch((e) => {\n      const err = (recorder.getAsyncErr() === null) ? e : recorder.getAsyncErr();\n      errHandler(err);\n    });\n    recorder.add('fire hook.failed', () => event.emit(event.hook.failed, suite, e));\n  });",
              "err": {},
              "uuid": "d50ec9c2-9a57-4397-a590-2ad4a783734a",
              "parentUUID": null,
              "isHook": true,
              "skipped": false
            }
          ],
          "afterHooks": [
            {
              "title": "\"after all\" hook: codeceptjs.afterSuite",
              "fullTitle": "IA create case workflow \"after all\" hook: codeceptjs.afterSuite",
              "timedOut": false,
              "duration": 0,
              "state": null,
              "speed": null,
              "pass": false,
              "fail": false,
              "pending": false,
              "context": null,
              "code": "scenario.suiteTeardown(suite)",
              "err": {},
              "uuid": "7d8c8993-18bc-49fe-b7cf-58d7627b4080",
              "parentUUID": null,
              "isHook": true,
              "skipped": false
            },
            {
              "title": "\"after each\" hook: codeceptjs.after",
              "fullTitle": "IA create case workflow \"after each\" hook: codeceptjs.after",
              "timedOut": false,
              "duration": 0,
              "state": null,
              "speed": null,
              "pass": false,
              "fail": false,
              "pending": false,
              "context": null,
              "code": "scenario.teardown(suite)",
              "err": {},
              "uuid": "639d994a-61bd-4e2d-adfa-f1007be5c52e",
              "parentUUID": null,
              "isHook": true,
              "skipped": false
            }
          ],
          "tests": [
            {
              "title": "Start create case for IA Start appeal",
              "fullTitle": "IA create case workflow Start create case for IA Start appeal",
              "timedOut": false,
              "duration": 0,
              "state": null,
              "speed": null,
              "pass": false,
              "fail": false,
              "pending": false,
              "context": null,
              "code": "runSteps(child.scenario.steps)",
              "err": {},
              "uuid": "2b5bd1b6-db5d-41ff-b4cc-9fb0ca4cd2e7",
              "parentUUID": null,
              "isHook": false,
              "skipped": true
            },
            {
              "title": "Create and Submit IA Case start appeal",
              "fullTitle": "IA create case workflow Create and Submit IA Case start appeal",
              "timedOut": false,
              "duration": 0,
              "state": null,
              "speed": null,
              "pass": false,
              "fail": false,
              "pending": false,
              "context": null,
              "code": "runSteps(child.scenario.steps)",
              "err": {},
              "uuid": "694db6e4-3e88-4ff4-bf1d-f259dbe0b1cd",
              "parentUUID": null,
              "isHook": false,
              "skipped": true
            }
          ],
          "suites": [],
          "passes": [],
          "failures": [],
          "pending": [],
          "skipped": [
            "2b5bd1b6-db5d-41ff-b4cc-9fb0ca4cd2e7",
            "694db6e4-3e88-4ff4-bf1d-f259dbe0b1cd"
          ],
          "duration": 0,
          "root": false,
          "rootEmpty": false,
          "_timeout": 0
        },
        {
          "uuid": "3d44181b-97b8-4aaf-a204-2de507889226",
          "title": "Judicial Booking UI @fullfunctional @demo",
          "fullFile": "/Users/sreekanth/work/moj/ex-ui/rpx-xui-webapp/test_codecept/e2e/features/app/judicialBookingUI/judicialBookingUI.feature",
          "file": "/test_codecept/e2e/features/app/judicialBookingUI/judicialBookingUI.feature",
          "beforeHooks": [
            {
              "title": "\"before all\" hook: codeceptjs.beforeSuite",
              "fullTitle": "Judicial Booking UI @fullfunctional @demo \"before all\" hook: codeceptjs.beforeSuite",
              "timedOut": false,
              "duration": 0,
              "state": null,
              "speed": null,
              "pass": false,
              "fail": false,
              "pending": false,
              "context": null,
              "code": "scenario.suiteSetup(suite)",
              "err": {},
              "uuid": "9ba00da3-9beb-4cbc-8f6a-08cc6894845e",
              "parentUUID": null,
              "isHook": true,
              "skipped": false
            },
            {
              "title": "\"before each\" hook: codeceptjs.before",
              "fullTitle": "Judicial Booking UI @fullfunctional @demo \"before each\" hook: codeceptjs.before",
              "timedOut": false,
              "duration": 0,
              "state": null,
              "speed": null,
              "pass": false,
              "fail": false,
              "pending": false,
              "context": null,
              "code": "scenario.setup(suite)",
              "err": {},
              "uuid": "02678e76-b589-4fec-9526-daa94254ed3e",
              "parentUUID": null,
              "isHook": true,
              "skipped": false
            }
          ],
          "afterHooks": [
            {
[...]
              "err": {},
              "uuid": "ee1a90e5-8884-40ee-b222-9d1459948a9e",
              "parentUUID": null,
              "isHook": true,
              "skipped": false
            }
          ],
          "afterHooks": [
            {
              "title": "\"after all\" hook: codeceptjs.afterSuite",
              "fullTitle": "Verify new entry timestamp \"after all\" hook: codeceptjs.afterSuite",
              "timedOut": false,
              "duration": 0,
              "state": null,
              "speed": null,
              "pass": false,
              "fail": false,
              "pending": false,
              "context": null,
              "code": "scenario.suiteTeardown(suite)",
              "err": {},
              "uuid": "1f86f419-c130-45cd-be30-afe30333a9d3",
              "parentUUID": null,
              "isHook": true,
              "skipped": false
            },
            {
              "title": "\"after each\" hook: codeceptjs.after",
              "fullTitle": "Verify new entry timestamp \"after each\" hook: codeceptjs.after",
              "timedOut": false,
              "duration": 0,
              "state": null,
              "speed": null,
              "pass": false,
              "fail": false,
              "pending": false,
              "context": null,
              "code": "scenario.teardown(suite)",
              "err": {},
              "uuid": "f085c8fd-5161-4162-acda-a0c4e9df7177",
              "parentUUID": null,
              "isHook": true,
              "skipped": false
            }
          ],
          "tests": [
            {
              "title": "User adds a new comment to a case and timestamp shows current time {\"Jurisdiction\":\"Manage probate application\",\"CaseType\":\"Grant of representation\"}",
              "fullTitle": "Verify new entry timestamp User adds a new comment to a case and timestamp shows current time {\"Jurisdiction\":\"Manage probate application\",\"CaseType\":\"Grant of representation\"}",
              "timedOut": false,
              "duration": 0,
              "state": null,
              "speed": null,
              "pass": false,
              "fail": false,
              "pending": false,
              "context": null,
              "code": "runSteps(addExampleInTable(exampleSteps, current)",
              "err": {},
              "uuid": "d27f4f05-8c37-49b0-b109-452718483726",
              "parentUUID": null,
              "isHook": false,
              "skipped": true
            }
          ],
          "suites": [],
          "passes": [],
          "failures": [],
          "pending": [],
          "skipped": [
            "d27f4f05-8c37-49b0-b109-452718483726"
          ],
          "duration": 0,
          "root": false,
          "rootEmpty": false,
          "_timeout": 0
        },
        {
          "uuid": "30aea634-4f14-48a4-85f0-dec7aeb02d61",
          "title": "WA Release 2: : Case details WA tabs tabs @fullfunctional @demo",
          "fullFile": "/Users/sreekanth/work/moj/ex-ui/rpx-xui-webapp/test_codecept/e2e/features/app/workAllocation/caseDetailsWATabs.feature",
          "file": "/test_codecept/e2e/features/app/workAllocation/caseDetailsWATabs.feature",
          "beforeHooks": [
            {
              "title": "\"before all\" hook: codeceptjs.beforeSuite",
              "fullTitle": "WA Release 2: : Case details WA tabs tabs @fullfunctional @demo \"before all\" hook: codeceptjs.beforeSuite",
              "timedOut": false,
              "duration": 0,
              "state": null,
              "speed": null,
              "pass": false,
              "fail": false,
              "pending": false,
              "context": null,
              "code": "scenario.suiteSetup(suite)",
              "err": {},
              "uuid": "60af8bb8-5fe1-4f5c-9a84-e0db48ae6353",
              "parentUUID": null,
              "isHook": true,
              "skipped": false
            },
            {
              "title": "\"before each\" hook: codeceptjs.before",
              "fullTitle": "WA Release 2: : Case details WA tabs tabs @fullfunctional @demo \"before each\" hook: codeceptjs.before",
              "timedOut": false,
              "duration": 0,
              "state": null,
              "speed": null,
              "pass": false,
              "fail": false,
              "pending": false,
              "context": null,
              "code": "scenario.setup(suite)",
              "err": {},
              "uuid": "55ed7200-4f3b-4ac0-81a5-08e3e5db8bf9",
              "parentUUID": null,
              "isHook": true,
              "skipped": false
            }
          ],
          "afterHooks": [
            {
              "title": "\"after all\" hook: codeceptjs.afterSuite",
              "fullTitle": "WA Release 2: : Case details WA tabs tabs @fullfunctional @demo \"after all\" hook: codeceptjs.afterSuite",
              "timedOut": false,
              "duration": 0,
              "state": null,
              "speed": null,
              "pass": false,
              "fail": false,
              "pending": false,
              "context": null,
              "code": "scenario.suiteTeardown(suite)",
              "err": {},
              "uuid": "42a6d58a-c1b6-438b-9ae4-8341f1fc584c",
              "parentUUID": null,
              "isHook": true,
              "skipped": false
            },
            {
              "title": "\"after each\" hook: codeceptjs.after",
              "fullTitle": "WA Release 2: : Case details WA tabs tabs @fullfunctional @demo \"after each\" hook: codeceptjs.after",
              "timedOut": false,
              "duration": 0,
              "state": null,
              "speed": null,
              "pass": false,
              "fail": false,
              "pending": false,
              "context": null,
              "code": "scenario.teardown(suite)",
              "err": {},
              "uuid": "620c04a7-52b6-4c4e-93c8-14643324a611",
              "parentUUID": null,
              "isHook": true,
              "skipped": false
            }
          ],
          "tests": [
            {
              "title": "Case details WA Tabs",
              "fullTitle": "WA Release 2: : Case details WA tabs tabs @fullfunctional @demo Case details WA Tabs",
              "timedOut": false,
              "duration": 0,
              "state": null,
              "speed": null,
              "pass": false,
              "fail": false,
              "pending": false,
              "context": null,
              "code": "runSteps(child.scenario.steps)",
              "err": {},
              "uuid": "033f6eda-f3fa-429c-97da-a4a8eca9da2b",
              "parentUUID": null,
              "isHook": false,
              "skipped": true
            },
            {
              "title": "Add and delete exclusions",
              "fullTitle": "WA Release 2: : Case details WA tabs tabs @fullfunctional @demo Add and delete exclusions",
              "timedOut": false,
              "duration": 0,
              "state": null,
              "speed": null,
              "pass": false,
              "fail": false,
              "pending": false,
              "context": null,
              "code": "runSteps(child.scenario.steps)",
              "err": {},
              "uuid": "191ca004-f4b8-4183-92a8-62056b4be40d",
              "parentUUID": null,
              "isHook": false,
              "skipped": true
            },
            {
              "title": "Add and delete Role",
              "fullTitle": "WA Release 2: : Case details WA tabs tabs @fullfunctional @demo Add and delete Role",
              "timedOut": false,
              "duration": 0,
              "state": null,
              "speed": null,
              "pass": false,
              "fail": false,
              "pending": false,
              "context": null,
              "code": "runSteps(child.scenario.steps)",
              "err": {},
              "uuid": "55eb7ff2-3214-47d8-b78c-fe1d11b76fb7",
              "parentUUID": null,
              "isHook": false,
              "skipped": true
            }
          ],
          "suites": [],
          "passes": [],
          "failures": [],
          "pending": [],
          "skipped": [
            "033f6eda-f3fa-429c-97da-a4a8eca9da2b",
            "191ca004-f4b8-4183-92a8-62056b4be40d",
            "55eb7ff2-3214-47d8-b78c-fe1d11b76fb7"
          ],
          "duration": 0,
          "root": false,
          "rootEmpty": false,
          "_timeout": 0
        },
        {
          "uuid": "c1999251-eb40-491d-893a-fabce648a984",
          "title": "WA Release 2: : Task Assign/Reassign @fullfunctional @demo",
          "fullFile": "/Users/sreekanth/work/moj/ex-ui/rpx-xui-webapp/test_codecept/e2e/features/app/workAllocation/taskActions.feature",
          "file": "/test_codecept/e2e/features/app/workAllocation/taskActions.feature",
          "beforeHooks": [
            {
              "title": "\"before all\" hook: codeceptjs.beforeSuite",
              "fullTitle": "WA Release 2: : Task Assign/Reassign @fullfunctional @demo \"before all\" hook: codeceptjs.beforeSuite",
              "timedOut": false,
              "duration": 0,
              "state": null,
              "speed": null,
              "pass": false,
              "fail": false,
              "pending": false,
              "context": null,
              "code": "scenario.suiteSetup(suite)",
              "err": {},
              "uuid": "307c8b82-80e7-4099-ae82-e16713b3ec9f",
              "parentUUID": null,
              "isHook": true,
              "skipped": false
            },
            {
              "title": "\"before each\" hook: codeceptjs.before",
              "fullTitle": "WA Release 2: : Task Assign/Reassign @fullfunctional @demo \"before each\" hook: codeceptjs.before",
              "timedOut": false,
              "duration": 0,
              "state": null,
              "speed": null,
              "pass": false,
              "fail": false,
              "pending": false,
              "context": null,
              "code": "scenario.setup(suite)",
              "err": {},
              "uuid": "84f6ad47-48c5-4616-8643-74373e0ea13a",
              "parentUUID": null,
              "isHook": true,
              "skipped": false
            }
          ],
          "afterHooks": [
            {
              "title": "\"after all\" hook: codeceptjs.afterSuite",
              "fullTitle": "WA Release 2: : Task Assign/Reassign @fullfunctional @demo \"after all\" hook: codeceptjs.afterSuite",
              "timedOut": false,
              "duration": 0,
              "state": null,
              "speed": null,
              "pass": false,
              "fail": false,
              "pending": false,
              "context": null,
              "code": "scenario.suiteTeardown(suite)",
              "err": {},
              "uuid": "c14b6433-50c5-46b2-939c-8078259fb6b3",
              "parentUUID": null,
              "isHook": true,
              "skipped": false
            },
            {
              "title": "\"after each\" hook: codeceptjs.after",
              "fullTitle": "WA Release 2: : Task Assign/Reassign @fullfunctional @demo \"after each\" hook: codeceptjs.after",
              "timedOut": false,
              "duration": 0,
              "state": null,
              "speed": null,
              "pass": false,
              "fail": false,
              "pending": false,
              "context": null,
              "code": "scenario.teardown(suite)",
              "err": {},
              "uuid": "3e867ac2-58b8-438f-8049-24cb3afbaba9",
              "parentUUID": null,
              "isHook": true,
              "skipped": false
            }
          ],
          "tests": [
            {
              "title": "Reassign task from All work",
              "fullTitle": "WA Release 2: : Task Assign/Reassign @fullfunctional @demo Reassign task from All work",
              "timedOut": false,
              "duration": 0,
              "state": null,
              "speed": null,
              "pass": false,
              "fail": false,
              "pending": false,
              "context": null,
              "code": "runSteps(child.scenario.steps)",
              "err": {},
              "uuid": "72d887fb-f1b2-4b40-b2dd-3356f4b6109e",
              "parentUUID": null,
              "isHook": false,
              "skipped": true
            }
          ],
          "suites": [],
          "passes": [],
          "failures": [],
          "pending": [],
          "skipped": [
            "72d887fb-f1b2-4b40-b2dd-3356f4b6109e"
          ],
          "duration": 0,
          "root": false,
          "rootEmpty": false,
          "_timeout": 0
        },
        {
          "uuid": "6cff0ef9-385d-43c1-bc09-13a8f2a35666",
          "title": "WA Release 2: : Work allocations My work, All work @fullfunctional @wa2 @demo",
          "fullFile": "/Users/sreekanth/work/moj/ex-ui/rpx-xui-webapp/test_codecept/e2e/features/app/workAllocation/workallocation2.feature",
          "file": "/test_codecept/e2e/features/app/workAllocation/workallocation2.feature",
          "beforeHooks": [
            {
              "title": "\"before all\" hook: codeceptjs.beforeSuite",
              "fullTitle": "WA Release 2: : Work allocations My work, All work @fullfunctional @wa2 @demo \"before all\" hook: codeceptjs.beforeSuite",
              "timedOut": false,
              "duration": 0,
              "state": null,
              "speed": null,
              "pass": false,
              "fail": false,
              "pending": false,
              "context": null,
              "code": "scenario.suiteSetup(suite)",
              "err": {},
              "uuid": "63b3f06f-7022-42ac-b3ff-77a5c3afe082",
              "parentUUID": null,
              "isHook": true,
              "skipped": false
            },
            {
              "title": "\"before each\" hook: codeceptjs.before",
              "fullTitle": "WA Release 2: : Work allocations My work, All work @fullfunctional @wa2 @demo \"before each\" hook: codeceptjs.before",
              "timedOut": false,
              "duration": 0,
              "state": null,
              "speed": null,
              "pass": false,
              "fail": false,
              "pending": false,
              "context": null,
              "code": "scenario.setup(suite)",
              "err": {},
              "uuid": "0cd4d9aa-6792-45d4-be03-f12051b33bf9",
              "parentUUID": null,
              "isHook": true,
              "skipped": false
            }
          ],
          "afterHooks": [
            {
              "title": "\"after all\" hook: codeceptjs.afterSuite",
              "fullTitle": "WA Release 2: : Work allocations My work, All work @fullfunctional @wa2 @demo \"after all\" hook: codeceptjs.afterSuite",
              "timedOut": false,
              "duration": 0,
              "state": null,
              "speed": null,
              "pass": false,
              "fail": false,
              "pending": false,
              "context": null,
              "code": "scenario.suiteTeardown(suite)",
              "err": {},
              "uuid": "97982aa7-cc5c-48e2-bf01-4d67e994073b",
              "parentUUID": null,
              "isHook": true,
              "skipped": false
            },
            {
              "title": "\"after each\" hook: codeceptjs.after",
              "fullTitle": "WA Release 2: : Work allocations My work, All work @fullfunctional @wa2 @demo \"after each\" hook: codeceptjs.after",
              "timedOut": false,
              "duration": 0,
              "state": null,
              "speed": null,
              "pass": false,
              "fail": false,
              "pending": false,
              "context": null,
              "code": "scenario.teardown(suite)",
              "err": {},
              "uuid": "06f810f2-cbce-485c-be0a-98b5fe98df21",
              "parentUUID": null,
              "isHook": true,
              "skipped": false
            }
          ],
          "tests": [
            {
              "title": "View tasks, E2E journey of Caseworker-ia-officer user {\"useridentifier\":\"IAC_CaseOfficer_R2\",\"roles\":\"caseworker-ia-caseofficer,caseworker-ia-admofficer\",\"mainHeaders\":\"My work, All work ,Case list, Create case\",\"rightColumnHeaders\":\"Find case\"}",
              "fullTitle": "WA Release 2: : Work allocations My work, All work @fullfunctional @wa2 @demo View tasks, E2E journey of Caseworker-ia-officer user {\"useridentifier\":\"IAC_CaseOfficer_R2\",\"roles\":\"caseworker-ia-caseofficer,caseworker-ia-admofficer\",\"mainHeaders\":\"My work, All work ,Case list, Create case\",\"rightColumnHeaders\":\"Find case\"}",
              "timedOut": false,
              "duration": 0,
              "state": null,
              "speed": null,
              "pass": false,
              "fail": false,
              "pending": false,
              "context": null,
              "code": "runSteps(addExampleInTable(exampleSteps, current)",
              "err": {},
              "uuid": "74642993-57fa-4178-8c73-f0a058eecb9f",
              "parentUUID": null,
              "isHook": false,
              "skipped": true
            },
            {
              "title": "My work tabs",
              "fullTitle": "WA Release 2: : Work allocations My work, All work @fullfunctional @wa2 @demo My work tabs",
              "timedOut": false,
              "duration": 0,
              "state": null,
              "speed": null,
              "pass": false,
              "fail": false,
              "pending": false,
              "context": null,
              "code": "runSteps(child.scenario.steps)",
              "err": {},
              "uuid": "bdcdd167-7844-43aa-816d-200342ac8d0f",
              "parentUUID": null,
              "isHook": false,
              "skipped": true
            },
            {
              "title": "All work tabs",
              "fullTitle": "WA Release 2: : Work allocations My work, All work @fullfunctional @wa2 @demo All work tabs",
              "timedOut": false,
              "duration": 0,
              "state": null,
              "speed": null,
              "pass": false,
              "fail": false,
              "pending": false,
              "context": null,
              "code": "runSteps(child.scenario.steps)",
              "err": {},
              "uuid": "e79b5761-cce9-412d-b8a6-042286c84ee0",
              "parentUUID": null,
              "isHook": false,
              "skipped": true
            }
          ],
          "suites": [],
          "passes": [],
          "failures": [],
          "pending": [],
          "skipped": [
            "74642993-57fa-4178-8c73-f0a058eecb9f",
            "bdcdd167-7844-43aa-816d-200342ac8d0f",
            "e79b5761-cce9-412d-b8a6-042286c84ee0"
          ],
          "duration": 0,
          "root": false,
          "rootEmpty": false,
          "_timeout": 0
        }
      ],
      "passes": [],
      "failures": [],
      "pending": [],
      "skipped": [],
      "duration": 0,
      "root": true,
      "rootEmpty": true,
      "_timeout": 0
    }
  ],
  "meta": {
    "mocha": {
      "version": "8.4.0"
    },
    "mochawesome": {
      "options": {
        "quiet": false,
        "reportFilename": "mochawesome",
        "saveHtml": true,
        "saveJson": true,
        "consoleReporter": "spec",
        "useInlineDiffs": false,
        "code": true
      },
      "version": "6.3.1"
    },
    "marge": {
      "options": {
        "reportDir": "functional_output/e2e",
        "reportName": "XUI_MC",
        "inlineAssets": true
      },
      "version": "5.2.0"
    }
  }
}