{
  "stats": {
    "suites": 1,
    "tests": 3,
    "passes": 0,
    "pending": 0,
    "failures": 3,
    "start": "2023-02-17T12:19:55.405Z",
    "end": "2023-02-17T12:21:19.570Z",
    "duration": 84165,
    "testsRegistered": 90,
    "passPercent": 0,
    "pendingPercent": 0,
    "other": 1,
    "hasOther": true,
    "skipped": 87,
    "hasSkipped": true
  },
  "results": [
    {
      "uuid": "c469b1f4-a7db-498b-8a9e-be9e723b972f",
      "title": "",
      "fullFile": "",
      "file": "",
      "beforeHooks": [],
      "afterHooks": [],
      "tests": [],
      "suites": [
        {
          "uuid": "f7d9efc5-8203-4baf-a3c1-0c6912b9bf81",
          "title": "Case List Selection",
          "fullFile": "/Users/sreekanth/work/moj/ex-ui/rpx-xui-webapp/test/e2e/features/app/caseListSelection.feature",
          "file": "/test/e2e/features/app/caseListSelection.feature",
          "beforeHooks": [
            {
              "title": "\"before all\" hook: codeceptjs.beforeSuite",
              "fullTitle": "Case List Selection \"before all\" hook: codeceptjs.beforeSuite",
              "timedOut": false,
              "duration": 0,
              "state": null,
              "speed": null,
              "pass": false,
              "fail": false,
              "pending": false,
              "context": null,
              "code": "scenario.suiteSetup(suite)",
              "err": {},
              "uuid": "d9e43bc5-759c-4f72-a48d-cf8e11c1f4d7",
              "parentUUID": null,
              "isHook": true,
              "skipped": false
            },
            {
              "title": "\"before each\" hook: codeceptjs.before",
              "fullTitle": "Case List Selection \"before each\" hook: codeceptjs.before",
              "timedOut": false,
              "duration": 0,
              "state": null,
              "speed": null,
              "pass": false,
              "fail": false,
              "pending": false,
              "context": null,
              "code": "scenario.setup(suite)",
              "err": {},
              "uuid": "8052e543-0ea8-4855-ab64-01e8a2cd3746",
              "parentUUID": null,
              "isHook": true,
              "skipped": false
            },
            {
              "title": "\"before each\" hook: Before",
              "fullTitle": "Case List Selection \"before each\" hook: Before",
              "timedOut": false,
              "duration": 0,
              "state": null,
              "speed": null,
              "pass": false,
              "fail": false,
              "pending": false,
              "context": null,
              "code": "const errHandler = (err) => {\n  recorder.session.start('teardown');\n  recorder.cleanAsyncErr();\n  event.emit(event.test.failed, suite, err);\n  if (hookName === 'after') event.emit(event.test.after, suite);\n  if (hookName === 'afterSuite') event.emit(event.suite.after, suite);\n  recorder.add(() => done(err));\n};\nrecorder.errHandler((err) => {\n  errHandler(err);\n});\nif (!fn) throw new Error('fn is not defined');\nevent.emit(event.hook.started, suite);\nif (!recorder.isRunning()) {\n  recorder.start();\n  recorder.errHandler((err) => {\n    errHandler(err);\n  });\n}\nthis.test.body = fn.toString();\nif (isAsyncFunction(fn)) {\n  fn.call(this, getInjectedArguments(fn)).then(() => {\n    recorder.add('fire hook.passed', () => event.emit(event.hook.passed, suite));\n    recorder.add(`finish ${hookName} hook`, () => done());\n    recorder.catch();\n  }).catch((e) => {\n    recorder.throw(e);\n    recorder.catch((e) => {\n      const err = (recorder.getAsyncErr() === null) ? e : recorder.getAsyncErr();\n      errHandler(err);\n    });\n    recorder.add('fire hook.failed', () => event.emit(event.hook.failed, suite, e));\n  });\n  return;\n}\ntry {\n  fn.call(this, getInjectedArguments(fn));\n  recorder.add('fire hook.passed', () => event.emit(event.hook.passed, suite));\n  recorder.add(`finish ${hookName} hook`, () => done());\n  recorder.catch();\n} catch (err) {\n  recorder.throw(err);\n  recorder.catch((e) => {\n    const err = (recorder.getAsyncErr() === null) ? e : recorder.getAsyncErr();\n    errHandler(err);\n  });\n  recorder.add('fire hook.failed', () => event.emit(event.hook.failed, suite, err));\n}",
              "err": {},
              "uuid": "f279e4ed-2751-4327-888f-cf9f749f22c5",
              "parentUUID": null,
              "isHook": true,
              "skipped": false
            }
          ],
          "afterHooks": [
            {
              "title": "\"after all\" hook: codeceptjs.afterSuite",
              "fullTitle": "Case List Selection \"after all\" hook: codeceptjs.afterSuite",
              "timedOut": false,
              "duration": 0,
              "state": null,
              "speed": null,
              "pass": false,
              "fail": false,
              "pending": false,
              "context": null,
              "code": "scenario.suiteTeardown(suite)",
              "err": {},
              "uuid": "98925ebb-99a2-4306-9ee6-4ef0262f97a6",
              "parentUUID": null,
              "isHook": true,
              "skipped": false
            },
            {
              "title": "\"after each\" hook: codeceptjs.after",
              "fullTitle": "Case List Selection \"after each\" hook: codeceptjs.after",
              "timedOut": false,
              "duration": 0,
              "state": null,
              "speed": null,
              "pass": false,
              "fail": false,
              "pending": false,
              "context": null,
              "code": "scenario.teardown(suite)",
              "err": {},
              "uuid": "481701d4-1e97-4eb2-b539-68f17c9846c5",
              "parentUUID": null,
              "isHook": true,
              "skipped": false
            }
          ],
          "tests": [
            {
              "title": "Can see the checkbox column",
              "fullTitle": "Case List Selection Can see the checkbox column",
              "timedOut": false,
              "duration": 0,
              "state": null,
              "speed": null,
              "pass": false,
              "fail": false,
              "pending": false,
              "context": null,
              "code": "runSteps(child.steps)",
              "err": {},
              "uuid": "44665184-8082-4238-b53a-77767815656a",
              "parentUUID": null,
              "isHook": false,
              "skipped": true
            },
            {
              "title": "Verify Case list selection and Unselection persistence on navigation to case view",
              "fullTitle": "Case List Selection Verify Case list selection and Unselection persistence on navigation to case view",
              "timedOut": false,
              "duration": 0,
              "state": null,
              "speed": null,
              "pass": false,
              "fail": false,
              "pending": false,
              "context": null,
              "code": "runSteps(child.steps)",
              "err": {},
              "uuid": "19007cc8-47fa-4470-9c32-c74440866ded",
              "parentUUID": null,
              "isHook": false,
              "skipped": true
            },
            {
              "title": "Verify Case list selection and Unslection persistence over filter changes",
              "fullTitle": "Case List Selection Verify Case list selection and Unslection persistence over filter changes",
              "timedOut": false,
              "duration": 0,
              "state": null,
              "speed": null,
              "pass": false,
              "fail": false,
              "pending": false,
              "context": null,
              "code": "runSteps(child.steps)",
              "err": {},
              "uuid": "c0070f2a-6750-41af-bf4c-7afaf239bb03",
              "parentUUID": null,
              "isHook": false,
              "skipped": true
            },
            {
              "title": "verify Case list select and unselect persists with case list pagination",
              "fullTitle": "Case List Selection verify Case list select and unselect persists with case list pagination",
              "timedOut": false,
              "duration": 0,
              "state": null,
              "speed": null,
              "pass": false,
              "fail": false,
              "pending": false,
              "context": null,
              "code": "runSteps(child.steps)",
              "err": {},
              "uuid": "20aa5571-ba80-408d-b7c7-56987536b96d",
              "parentUUID": null,
              "isHook": false,
              "skipped": true
            },
            {
              "title": "verify Case list select and unselect are retained  with sorting",
              "fullTitle": "Case List Selection verify Case list select and unselect are retained  with sorting",
              "timedOut": false,
              "duration": 0,
              "state": null,
              "speed": null,
              "pass": false,
              "fail": false,
              "pending": false,
              "context": null,
              "code": "runSteps(child.steps)",
              "err": {},
              "uuid": "5e2e078b-107e-4eff-acba-b8245b63aedf",
              "parentUUID": null,
              "isHook": false,
              "skipped": true
            },
            {
              "title": "Verify Share case of selected cases",
              "fullTitle": "Case List Selection Verify Share case of selected cases",
              "timedOut": false,
              "duration": 0,
              "state": null,
              "speed": null,
              "pass": false,
              "fail": false,
              "pending": false,
              "context": null,
              "code": "runSteps(child.steps)",
              "err": {},
              "uuid": "2a43549c-eea8-4895-9617-6b5f21f3d236",
              "parentUUID": null,
              "isHook": false,
              "skipped": true
            }
          ],
          "suites": [],
          "passes": [],
          "failures": [],
          "pending": [],
          "skipped": [
            "44665184-8082-4238-b53a-77767815656a",
            "19007cc8-47fa-4470-9c32-c74440866ded",
            "c0070f2a-6750-41af-bf4c-7afaf239bb03",
            "20aa5571-ba80-408d-b7c7-56987536b96d",
            "5e2e078b-107e-4eff-acba-b8245b63aedf",
            "2a43549c-eea8-4895-9617-6b5f21f3d236"
          ],
          "duration": 0,
          "root": false,
          "rootEmpty": false,
          "_timeout": 0
        },
        {
          "uuid": "7e79bb1a-bb59-4a4a-bf87-a31349e006cb",
          "title": "Cookie banner functionality @fullfunctional5",
          "fullFile": "/Users/sreekanth/work/moj/ex-ui/rpx-xui-webapp/test/e2e/features/app/cookieBanner.feature",
          "file": "/test/e2e/features/app/cookieBanner.feature",
          "beforeHooks": [
            {
              "title": "\"before all\" hook: codeceptjs.beforeSuite",
              "fullTitle": "Cookie banner functionality @fullfunctional5 \"before all\" hook: codeceptjs.beforeSuite",
              "timedOut": false,
              "duration": 0,
              "state": null,
              "speed": null,
              "pass": false,
              "fail": false,
              "pending": false,
              "context": null,
              "code": "scenario.suiteSetup(suite)",
              "err": {},
              "uuid": "ea225f95-7fdc-4f90-88a0-9ebe5af967ef",
              "parentUUID": null,
              "isHook": true,
              "skipped": false
            },
            {
              "title": "\"before each\" hook: codeceptjs.before",
              "fullTitle": "Cookie banner functionality @fullfunctional5 \"before each\" hook: codeceptjs.before",
              "timedOut": false,
              "duration": 0,
              "state": null,
              "speed": null,
              "pass": false,
              "fail": false,
              "pending": false,
              "context": null,
              "code": "scenario.setup(suite)",
              "err": {},
              "uuid": "81f2f087-0e20-4669-ac9f-5cd08cc037a3",
              "parentUUID": null,
              "isHook": true,
              "skipped": false
            },
            {
              "title": "\"before each\" hook: Before",
              "fullTitle": "Cookie banner functionality @fullfunctional5 \"before each\" hook: Before",
              "timedOut": false,
              "duration": 0,
              "state": null,
              "speed": null,
              "pass": false,
              "fail": false,
              "pending": false,
              "context": null,
              "code": "const errHandler = (err) => {\n  recorder.session.start('teardown');\n  recorder.cleanAsyncErr();\n  event.emit(event.test.failed, suite, err);\n  if (hookName === 'after') event.emit(event.test.after, suite);\n  if (hookName === 'afterSuite') event.emit(event.suite.after, suite);\n  recorder.add(() => done(err));\n};\nrecorder.errHandler((err) => {\n  errHandler(err);\n});\nif (!fn) throw new Error('fn is not defined');\nevent.emit(event.hook.started, suite);\nif (!recorder.isRunning()) {\n  recorder.start();\n  recorder.errHandler((err) => {\n    errHandler(err);\n  });\n}\nthis.test.body = fn.toString();\nif (isAsyncFunction(fn)) {\n  fn.call(this, getInjectedArguments(fn)).then(() => {\n    recorder.add('fire hook.passed', () => event.emit(event.hook.passed, suite));\n    recorder.add(`finish ${hookName} hook`, () => done());\n    recorder.catch();\n  }).catch((e) => {\n    recorder.throw(e);\n    recorder.catch((e) => {\n      const err = (recorder.getAsyncErr() === null) ? e : recorder.getAsyncErr();\n      errHandler(err);\n    });\n    recorder.add('fire hook.failed', () => event.emit(event.hook.failed, suite, e));\n  });\n  return;\n}\ntry {\n  fn.call(this, getInjectedArguments(fn));\n  recorder.add('fire hook.passed', () => event.emit(event.hook.passed, suite));\n  recorder.add(`finish ${hookName} hook`, () => done());\n  recorder.catch();\n} catch (err) {\n  recorder.throw(err);\n  recorder.catch((e) => {\n    const err = (recorder.getAsyncErr() === null) ? e : recorder.getAsyncErr();\n    errHandler(err);\n  });\n  recorder.add('fire hook.failed', () => event.emit(event.hook.failed, suite, err));\n}",
              "err": {},
              "uuid": "a30e6db2-f82b-4f1f-9232-09a17bc36c97",
              "parentUUID": null,
              "isHook": true,
              "skipped": false
            }
          ],
          "afterHooks": [
            {
              "title": "\"after all\" hook: codeceptjs.afterSuite",
              "fullTitle": "Cookie banner functionality @fullfunctional5 \"after all\" hook: codeceptjs.afterSuite",
              "timedOut": false,
              "duration": 0,
              "state": null,
              "speed": null,
              "pass": false,
              "fail": false,
              "pending": false,
              "context": null,
              "code": "scenario.suiteTeardown(suite)",
              "err": {},
              "uuid": "667ea7ea-3818-4db8-89c4-57c5c1d00c46",
              "parentUUID": null,
              "isHook": true,
              "skipped": false
            },
            {
              "title": "\"after each\" hook: codeceptjs.after",
              "fullTitle": "Cookie banner functionality @fullfunctional5 \"after each\" hook: codeceptjs.after",
              "timedOut": false,
              "duration": 0,
              "state": null,
              "speed": null,
              "pass": false,
              "fail": false,
              "pending": false,
              "context": null,
              "code": "scenario.teardown(suite)",
              "err": {},
              "uuid": "b764d5b8-5a4f-4fd9-a722-7c5514605cd3",
              "parentUUID": null,
              "isHook": true,
              "skipped": false
            }
          ],
          "tests": [
            {
              "title": "User accepts additional cookies",
              "fullTitle": "Cookie banner functionality @fullfunctional5 User accepts additional cookies",
              "timedOut": false,
              "duration": 0,
              "state": null,
              "speed": null,
              "pass": false,
              "fail": false,
              "pending": false,
              "context": null,
              "code": "runSteps(child.steps)",
              "err": {},
              "uuid": "169968ce-d689-4588-9cea-0f7060780f77",
              "parentUUID": null,
              "isHook": false,
              "skipped": true
            },
            {
              "title": "User rejects additional cookies",
              "fullTitle": "Cookie banner functionality @fullfunctional5 User rejects additional cookies",
              "timedOut": false,
              "duration": 0,
              "state": null,
              "speed": null,
              "pass": false,
              "fail": false,
              "pending": false,
              "context": null,
              "code": "runSteps(child.steps)",
              "err": {},
              "uuid": "3f0c74bc-ec4d-40c0-9c5d-625e62302c6f",
              "parentUUID": null,
              "isHook": false,
              "skipped": true
            }
          ],
          "suites": [],
          "passes": [],
          "failures": [],
          "pending": [],
          "skipped": [
            "169968ce-d689-4588-9cea-0f7060780f77",
            "3f0c74bc-ec4d-40c0-9c5d-625e62302c6f"
          ],
          "duration": 0,
          "root": false,
          "rootEmpty": false,
          "_timeout": 0
        },
        {
          "uuid": "098d5deb-7bf2-4021-9a66-2ae36361377f",
          "title": "Divorce create case workflow",
          "fullFile": "/Users/sreekanth/work/moj/ex-ui/rpx-xui-webapp/test/e2e/features/app/divorceCreateCase.feature",
          "file": "/test/e2e/features/app/divorceCreateCase.feature",
          "beforeHooks": [
            {
              "title": "\"before all\" hook: codeceptjs.beforeSuite",
              "fullTitle": "Divorce create case workflow \"before all\" hook: codeceptjs.beforeSuite",
              "timedOut": false,
              "duration": 0,
              "state": null,
              "speed": null,
              "pass": false,
              "fail": false,
              "pending": false,
              "context": null,
              "code": "scenario.suiteSetup(suite)",
              "err": {},
              "uuid": "149ff545-a782-4b84-a508-78735a25f910",
              "parentUUID": null,
              "isHook": true,
              "skipped": false
            },
            {
              "title": "\"before each\" hook: codeceptjs.before",
              "fullTitle": "Divorce create case workflow \"before each\" hook: codeceptjs.before",
              "timedOut": false,
              "duration": 0,
              "state": null,
              "speed": null,
              "pass": false,
              "fail": false,
              "pending": false,
              "context": null,
              "code": "scenario.setup(suite)",
              "err": {},
              "uuid": "8f061973-4bec-4b5e-a047-6385c0d121e1",
              "parentUUID": null,
              "isHook": true,
              "skipped": false
            },
            {
              "title": "\"before each\" hook: Before",
              "fullTitle": "Divorce create case workflow \"before each\" hook: Before",
              "timedOut": false,
              "duration": 0,
              "state": null,
              "speed": null,
              "pass": false,
              "fail": false,
              "pending": false,
              "context": null,
              "code": "const errHandler = (err) => {\n  recorder.session.start('teardown');\n  recorder.cleanAsyncErr();\n  event.emit(event.test.failed, suite, err);\n  if (hookName === 'after') event.emit(event.test.after, suite);\n  if (hookName === 'afterSuite') event.emit(event.suite.after, suite);\n  recorder.add(() => done(err));\n};\nrecorder.errHandler((err) => {\n  errHandler(err);\n});\nif (!fn) throw new Error('fn is not defined');\nevent.emit(event.hook.started, suite);\nif (!recorder.isRunning()) {\n  recorder.start();\n  recorder.errHandler((err) => {\n    errHandler(err);\n  });\n}\nthis.test.body = fn.toString();\nif (isAsyncFunction(fn)) {\n  fn.call(this, getInjectedArguments(fn)).then(() => {\n    recorder.add('fire hook.passed', () => event.emit(event.hook.passed, suite));\n    recorder.add(`finish ${hookName} hook`, () => done());\n    recorder.catch();\n  }).catch((e) => {\n    recorder.throw(e);\n    recorder.catch((e) => {\n      const err = (recorder.getAsyncErr() === null) ? e : recorder.getAsyncErr();\n      errHandler(err);\n    });\n    recorder.add('fire hook.failed', () => event.emit(event.hook.failed, suite, e));\n  });\n  return;\n}\ntry {\n  fn.call(this, getInjectedArguments(fn));\n  recorder.add('fire hook.passed', () => event.emit(event.hook.passed, suite));\n  recorder.add(`finish ${hookName} hook`, () => done());\n  recorder.catch();\n} catch (err) {\n  recorder.throw(err);\n  recorder.catch((e) => {\n    const err = (recorder.getAsyncErr() === null) ? e : recorder.getAsyncErr();\n    errHandler(err);\n  });\n  recorder.add('fire hook.failed', () => event.emit(event.hook.failed, suite, err));\n}",
              "err": {},
              "uuid": "dbc0750b-ce27-446c-9a9d-dd0185d9551d",
              "parentUUID": null,
              "isHook": true,
              "skipped": false
            }
          ],
          "afterHooks": [
            {
              "title": "\"after all\" hook: codeceptjs.afterSuite",
              "fullTitle": "Divorce create case workflow \"after all\" hook: codeceptjs.afterSuite",
              "timedOut": false,
              "duration": 0,
              "state": null,
              "speed": null,
              "pass": false,
              "fail": false,
              "pending": false,
              "context": null,
              "code": "scenario.suiteTeardown(suite)",
              "err": {},
              "uuid": "044150a0-d76a-42f8-8082-751505b41ed7",
              "parentUUID": null,
              "isHook": true,
              "skipped": false
            },
            {
              "title": "\"after each\" hook: codeceptjs.after",
              "fullTitle": "Divorce create case workflow \"after each\" hook: codeceptjs.after",
              "timedOut": false,
              "duration": 0,
              "state": null,
              "speed": null,
              "pass": false,
              "fail": false,
              "pending": false,
              "context": null,
              "code": "scenario.teardown(suite)",
              "err": {},
              "uuid": "8a4ca96a-16af-4579-a8e0-0ec6580b7546",
              "parentUUID": null,
              "isHook": true,
              "skipped": false
            }
          ],
          "tests": [
            {
              "title": "Start create case for Divorce @all",
              "fullTitle": "Divorce create case workflow Start create case for Divorce @all",
              "timedOut": false,
              "duration": 0,
              "state": null,
              "speed": null,
              "pass": false,
              "fail": false,
              "pending": false,
              "context": null,
              "code": "runSteps(child.steps)",
              "err": {},
              "uuid": "d9e0e2be-0596-4ba5-8a7f-b0741c2dcfde",
              "parentUUID": null,
              "isHook": false,
              "skipped": true
            },
            {
              "title": "Create and Submit Divorce Consented Case",
              "fullTitle": "Divorce create case workflow Create and Submit Divorce Consented Case",
              "timedOut": false,
              "duration": 0,
              "state": null,
              "speed": null,
              "pass": false,
              "fail": false,
              "pending": false,
              "context": null,
              "code": "runSteps(child.steps)",
              "err": {},
              "uuid": "101d61cb-4927-437e-b192-9bb5adc21c10",
              "parentUUID": null,
              "isHook": false,
              "skipped": true
            }
          ],
          "suites": [],
          "passes": [],
          "failures": [],
          "pending": [],
          "skipped": [
            "d9e0e2be-0596-4ba5-8a7f-b0741c2dcfde",
            "101d61cb-4927-437e-b192-9bb5adc21c10"
          ],
          "duration": 0,
          "root": false,
          "rootEmpty": false,
          "_timeout": 0
        },
        {
          "uuid": "ff9034c9-40dc-4d34-bb9d-dbe9803a473b",
          "title": "Application feature variations with professional users Bs Non professional users (EXUI Vx CCD UI)",
          "fullFile": "/Users/sreekanth/work/moj/ex-ui/rpx-xui-webapp/test/e2e/features/app/exuiVsccdUI.feature",
          "file": "/test/e2e/features/app/exuiVsccdUI.feature",
          "beforeHooks": [
            {
              "title": "\"before all\" hook: codeceptjs.beforeSuite",
              "fullTitle": "Application feature variations with professional users Bs Non professional users (EXUI Vx CCD UI) \"before all\" hook: codeceptjs.beforeSuite",
              "timedOut": false,
              "duration": 0,
              "state": null,
              "speed": null,
              "pass": false,
              "fail": false,
              "pending": false,
              "context": null,
              "code": "scenario.suiteSetup(suite)",
              "err": {},
              "uuid": "abdbe3b6-8ec5-488f-95ed-186a713af783",
              "parentUUID": null,
              "isHook": true,
              "skipped": false
            },
            {
              "title": "\"before each\" hook: codeceptjs.before",
              "fullTitle": "Application feature variations with professional users Bs Non professional users (EXUI Vx CCD UI) \"before each\" hook: codeceptjs.before",
              "timedOut": false,
              "duration": 0,
              "state": null,
              "speed": null,
              "pass": false,
              "fail": false,
              "pending": false,
              "context": null,
              "code": "scenario.setup(suite)",
              "err": {},
              "uuid": "f7bc605a-f778-4337-a43d-2cec27965a84",
              "parentUUID": null,
              "isHook": true,
              "skipped": false
            }
          ],
          "afterHooks": [
            {
              "title": "\"after all\" hook: codeceptjs.afterSuite",
              "fullTitle": "Application feature variations with professional users Bs Non professional users (EXUI Vx CCD UI) \"after all\" hook: codeceptjs.afterSuite",
              "timedOut": false,
              "duration": 0,
              "state": null,
              "speed": null,
              "pass": false,
              "fail": false,
              "pending": false,
              "context": null,
              "code": "scenario.suiteTeardown(suite)",
              "err": {},
              "uuid": "2b818f66-eff0-47cf-91e0-25ab06f99b27",
              "parentUUID": null,
              "isHook": true,
              "skipped": false
            },
            {
              "title": "\"after each\" hook: codeceptjs.after",
              "fullTitle": "Application feature variations with professional users Bs Non professional users (EXUI Vx CCD UI) \"after each\" hook: codeceptjs.after",
              "timedOut": false,
              "duration": 0,
              "state": null,
              "speed": null,
              "pass": false,
              "fail": false,
              "pending": false,
              "context": null,
              "code": "scenario.teardown(suite)",
              "err": {},
              "uuid": "1015ebe7-4995-49ef-aec0-d87e50351a3d",
              "parentUUID": null,
              "isHook": true,
              "skipped": false
            }
          ],
          "tests": [
            {
              "title": "Share a case feature available to EXUI users",
              "fullTitle": "Application feature variations with professional users Bs Non professional users (EXUI Vx CCD UI) Share a case feature available to EXUI users",
              "timedOut": false,
              "duration": 0,
              "state": null,
              "speed": null,
              "pass": false,
              "fail": false,
              "pending": false,
              "context": null,
              "code": "runSteps(child.steps)",
              "err": {},
              "uuid": "91abe578-0b96-4169-837a-59d9c880c0a6",
              "parentUUID": null,
              "isHook": false,
              "skipped": true
            },
            {
              "title": "Share a case feature not available to CCD users when logged in to EXUI Manage Cases",
              "fullTitle": "Application feature variations with professional users Bs Non professional users (EXUI Vx CCD UI) Share a case feature not available to CCD users when logged in to EXUI Manage Cases",
              "timedOut": false,
              "duration": 0,
              "state": null,
              "speed": null,
              "pass": false,
              "fail": false,
              "pending": false,
              "context": null,
              "code": "runSteps(child.steps)",
              "err": {},
              "uuid": "346c5a87-5755-433f-8cb9-b330964ef0c7",
              "parentUUID": null,
              "isHook": false,
              "skipped": true
            }
          ],
          "suites": [],
          "passes": [],
          "failures": [],
          "pending": [],
          "skipped": [
            "91abe578-0b96-4169-837a-59d9c880c0a6",
            "346c5a87-5755-433f-8cb9-b330964ef0c7"
          ],
          "duration": 0,
          "root": false,
          "rootEmpty": false,
          "_timeout": 0
        },
        {
          "uuid": "5b4c5b67-6b40-4240-9ee6-c19b7c1458ed",
          "title": "FPL create case workflow",
          "fullFile": "/Users/sreekanth/work/moj/ex-ui/rpx-xui-webapp/test/e2e/features/app/fplCreateCase.feature",
          "file": "/test/e2e/features/app/fplCreateCase.feature",
          "beforeHooks": [
            {
              "title": "\"before all\" hook: codeceptjs.beforeSuite",
              "fullTitle": "FPL create case workflow \"before all\" hook: codeceptjs.beforeSuite",
              "timedOut": false,
              "duration": 0,
              "state": null,
              "speed": null,
              "pass": false,
              "fail": false,
              "pending": false,
              "context": null,
              "code": "scenario.suiteSetup(suite)",
              "err": {},
              "uuid": "0766a4c5-3dbf-4fed-8964-a6587d6b5226",
              "parentUUID": null,
              "isHook": true,
              "skipped": false
            },
            {
              "title": "\"before each\" hook: codeceptjs.before",
              "fullTitle": "FPL create case workflow \"before each\" hook: codeceptjs.before",
              "timedOut": false,
              "duration": 0,
              "state": null,
              "speed": null,
              "pass": false,
              "fail": false,
              "pending": false,
              "context": null,
              "code": "scenario.setup(suite)",
              "err": {},
              "uuid": "85185c5e-26e0-45c0-8a67-6c9d589c843c",
              "parentUUID": null,
              "isHook": true,
              "skipped": false
            },
            {
              "title": "\"before each\" hook: Before",
              "fullTitle": "FPL create case workflow \"before each\" hook: Before",
              "timedOut": false,
              "duration": 0,
              "state": null,
              "speed": null,
              "pass": false,
              "fail": false,
              "pending": false,
              "context": null,
              "code": "const errHandler = (err) => {\n  recorder.session.start('teardown');\n  recorder.cleanAsyncErr();\n  event.emit(event.test.failed, suite, err);\n  if (hookName === 'after') event.emit(event.test.after, suite);\n  if (hookName === 'afterSuite') event.emit(event.suite.after, suite);\n  recorder.add(() => done(err));\n};\nrecorder.errHandler((err) => {\n  errHandler(err);\n});\nif (!fn) throw new Error('fn is not defined');\nevent.emit(event.hook.started, suite);\nif (!recorder.isRunning()) {\n  recorder.start();\n  recorder.errHandler((err) => {\n    errHandler(err);\n  });\n}\nthis.test.body = fn.toString();\nif (isAsyncFunction(fn)) {\n  fn.call(this, getInjectedArguments(fn)).then(() => {\n    recorder.add('fire hook.passed', () => event.emit(event.hook.passed, suite));\n    recorder.add(`finish ${hookName} hook`, () => done());\n    recorder.catch();\n  }).catch((e) => {\n    recorder.throw(e);\n    recorder.catch((e) => {\n      const err = (recorder.getAsyncErr() === null) ? e : recorder.getAsyncErr();\n      errHandler(err);\n    });\n    recorder.add('fire hook.failed', () => event.emit(event.hook.failed, suite, e));\n  });\n  return;\n}\ntry {\n  fn.call(this, getInjectedArguments(fn));\n  recorder.add('fire hook.passed', () => event.emit(event.hook.passed, suite));\n  recorder.add(`finish ${hookName} hook`, () => done());\n  recorder.catch();\n} catch (err) {\n  recorder.throw(err);\n  recorder.catch((e) => {\n    const err = (recorder.getAsyncErr() === null) ? e : recorder.getAsyncErr();\n    errHandler(err);\n  });\n  recorder.add('fire hook.failed', () => event.emit(event.hook.failed, suite, err));\n}",
              "err": {},
              "uuid": "0eacf2aa-d92a-4fd7-bccd-b02f7eb02a2b",
              "parentUUID": null,
              "isHook": true,
              "skipped": false
            }
          ],
          "afterHooks": [
            {
              "title": "\"after all\" hook: codeceptjs.afterSuite",
              "fullTitle": "FPL create case workflow \"after all\" hook: codeceptjs.afterSuite",
              "timedOut": false,
              "duration": 0,
              "state": null,
              "speed": null,
              "pass": false,
              "fail": false,
              "pending": false,
              "context": null,
              "code": "scenario.suiteTeardown(suite)",
              "err": {},
              "uuid": "13afd72f-b41f-475d-b6cc-6dfc28644565",
              "parentUUID": null,
              "isHook": true,
              "skipped": false
            },
            {
              "title": "\"after each\" hook: codeceptjs.after",
              "fullTitle": "FPL create case workflow \"after each\" hook: codeceptjs.after",
              "timedOut": false,
              "duration": 0,
              "state": null,
              "speed": null,
              "pass": false,
              "fail": false,
              "pending": false,
              "context": null,
              "code": "scenario.teardown(suite)",
              "err": {},
              "uuid": "8f6a93a0-5efd-4084-8d25-b7e6b2560d7e",
              "parentUUID": null,
              "isHook": true,
              "skipped": false
            }
          ],
          "tests": [
            {
              "title": "Start create case for FPL case @all",
              "fullTitle": "FPL create case workflow Start create case for FPL case @all",
              "timedOut": false,
              "duration": 0,
              "state": null,
              "speed": null,
              "pass": false,
              "fail": false,
              "pending": false,
              "context": null,
              "code": "runSteps(child.steps)",
              "err": {},
              "uuid": "875e8830-d848-4da8-b4cd-9fc5093146b0",
              "parentUUID": null,
              "isHook": false,
              "skipped": true
            },
            {
              "title": "Create and Submit FPL case",
              "fullTitle": "FPL create case workflow Create and Submit FPL case",
              "timedOut": false,
              "duration": 0,
              "state": null,
              "speed": null,
              "pass": false,
              "fail": false,
              "pending": false,
              "context": null,
              "code": "runSteps(child.steps)",
              "err": {},
              "uuid": "60773700-5218-445f-9fbf-309f0fa9173c",
              "parentUUID": null,
              "isHook": false,
              "skipped": true
            }
          ],
          "suites": [],
          "passes": [],
          "failures": [],
          "pending": [],
          "skipped": [
            "875e8830-d848-4da8-b4cd-9fc5093146b0",
            "60773700-5218-445f-9fbf-309f0fa9173c"
          ],
          "duration": 0,
          "root": false,
          "rootEmpty": false,
          "_timeout": 0
        },
        {
          "uuid": "b0435443-8730-4568-aaf9-0a02b302bb47",
          "title": "FR create case workflow - Case Worker",
          "fullFile": "/Users/sreekanth/work/moj/ex-ui/rpx-xui-webapp/test/e2e/features/app/FRCreateCase_CaseWorker.feature",
          "file": "/test/e2e/features/app/FRCreateCase_CaseWorker.feature",
          "beforeHooks": [
            {
              "title": "\"before all\" hook: codeceptjs.beforeSuite",
              "fullTitle": "FR create case workflow - Case Worker \"before all\" hook: codeceptjs.beforeSuite",
              "timedOut": false,
              "duration": 0,
              "state": null,
              "speed": null,
              "pass": false,
              "fail": false,
              "pending": false,
              "context": null,
              "code": "scenario.suiteSetup(suite)",
              "err": {},
              "uuid": "200a04db-a0bf-4f28-99ed-ca68483f66f9",
              "parentUUID": null,
              "isHook": true,
              "skipped": false
            },
            {
              "title": "\"before each\" hook: codeceptjs.before",
              "fullTitle": "FR create case workflow - Case Worker \"before each\" hook: codeceptjs.before",
              "timedOut": false,
              "duration": 0,
              "state": null,
              "speed": null,
              "pass": false,
              "fail": false,
              "pending": false,
              "context": null,
              "code": "scenario.setup(suite)",
              "err": {},
              "uuid": "9ce5986e-c1b9-4bdf-becb-b1d26125f270",
              "parentUUID": null,
              "isHook": true,
              "skipped": false
            },
            {
              "title": "\"before each\" hook: Before",
              "fullTitle": "FR create case workflow - Case Worker \"before each\" hook: Before",
              "timedOut": false,
              "duration": 0,
              "state": null,
              "speed": null,
              "pass": false,
              "fail": false,
              "pending": false,
              "context": null,
              "code": "const errHandler = (err) => {\n  recorder.session.start('teardown');\n  recorder.cleanAsyncErr();\n  event.emit(event.test.failed, suite, err);\n  if (hookName === 'after') event.emit(event.test.after, suite);\n  if (hookName === 'afterSuite') event.emit(event.suite.after, suite);\n  recorder.add(() => done(err));\n};\nrecorder.errHandler((err) => {\n  errHandler(err);\n});\nif (!fn) throw new Error('fn is not defined');\nevent.emit(event.hook.started, suite);\nif (!recorder.isRunning()) {\n  recorder.start();\n  recorder.errHandler((err) => {\n    errHandler(err);\n  });\n}\nthis.test.body = fn.toString();\nif (isAsyncFunction(fn)) {\n  fn.call(this, getInjectedArguments(fn)).then(() => {\n    recorder.add('fire hook.passed', () => event.emit(event.hook.passed, suite));\n    recorder.add(`finish ${hookName} hook`, () => done());\n    recorder.catch();\n  }).catch((e) => {\n    recorder.throw(e);\n    recorder.catch((e) => {\n      const err = (recorder.getAsyncErr() === null) ? e : recorder.getAsyncErr();\n      errHandler(err);\n    });\n    recorder.add('fire hook.failed', () => event.emit(event.hook.failed, suite, e));\n  });\n  return;\n}\ntry {\n  fn.call(this, getInjectedArguments(fn));\n  recorder.add('fire hook.passed', () => event.emit(event.hook.passed, suite));\n  recorder.add(`finish ${hookName} hook`, () => done());\n  recorder.catch();\n} catch (err) {\n  recorder.throw(err);\n  recorder.catch((e) => {\n    const err = (recorder.getAsyncErr() === null) ? e : recorder.getAsyncErr();\n    errHandler(err);\n  });\n  recorder.add('fire hook.failed', () => event.emit(event.hook.failed, suite, err));\n}",
              "err": {},
              "uuid": "1da85076-1376-4ddc-b08c-13961dc65b1c",
              "parentUUID": null,
              "isHook": true,
              "skipped": false
            }
          ],
          "afterHooks": [
            {
              "title": "\"after all\" hook: codeceptjs.afterSuite",
              "fullTitle": "FR create case workflow - Case Worker \"after all\" hook: codeceptjs.afterSuite",
              "timedOut": false,
              "duration": 0,
              "state": null,
              "speed": null,
              "pass": false,
              "fail": false,
              "pending": false,
              "context": null,
              "code": "scenario.suiteTeardown(suite)",
              "err": {},
              "uuid": "7b7ec4be-673c-4f38-bea4-ab4c1a26025a",
              "parentUUID": null,
              "isHook": true,
              "skipped": false
            },
            {
              "title": "\"after each\" hook: codeceptjs.after",
              "fullTitle": "FR create case workflow - Case Worker \"after each\" hook: codeceptjs.after",
              "timedOut": false,
              "duration": 0,
              "state": null,
              "speed": null,
              "pass": false,
              "fail": false,
              "pending": false,
              "context": null,
              "code": "scenario.teardown(suite)",
              "err": {},
              "uuid": "a5682f95-f213-4de2-8f5b-07a5bd0aec9d",
              "parentUUID": null,
              "isHook": true,
              "skipped": false
            }
          ],
          "tests": [
            {
              "title": "Start FR Case Creation {\"Jurisdiction\":\"Family Divorce\",\"CaseType\":\"Financial Remedy Consented\",\"Event\":\"Consent Order Application\"}",
              "fullTitle": "FR create case workflow - Case Worker Start FR Case Creation {\"Jurisdiction\":\"Family Divorce\",\"CaseType\":\"Financial Remedy Consented\",\"Event\":\"Consent Order Application\"}",
              "timedOut": false,
              "duration": 0,
              "state": null,
              "speed": null,
              "pass": false,
              "fail": false,
              "pending": false,
              "context": null,
              "code": "runSteps(addExampleInTable(exampleSteps, current)",
              "err": {},
              "uuid": "e0d484f9-2ac3-4a6d-ba55-b800b53f2263",
              "parentUUID": null,
              "isHook": false,
              "skipped": true
            },
            {
              "title": "Start FR Case Creation {\"Jurisdiction\":\"Family Divorce\",\"CaseType\":\"Contested Financial Remedy\",\"Event\":\"Form A Application\"}",
              "fullTitle": "FR create case workflow - Case Worker Start FR Case Creation {\"Jurisdiction\":\"Family Divorce\",\"CaseType\":\"Contested Financial Remedy\",\"Event\":\"Form A Application\"}",
              "timedOut": false,
              "duration": 0,
              "state": null,
              "speed": null,
              "pass": false,
              "fail": false,
              "pending": false,
              "context": null,
              "code": "runSteps(addExampleInTable(exampleSteps, current)",
              "err": {},
              "uuid": "fc6de782-6a06-4b87-87d6-59b2ea720bd8",
              "parentUUID": null,
              "isHook": false,
              "skipped": true
            },
            {
              "title": "Create and Submit FR Casese {\"Jurisdiction\":\"Family Divorce\",\"CaseType\":\"Financial Remedy Consented\",\"Event\":\"Consent Order Application\"}",
              "fullTitle": "FR create case workflow - Case Worker Create and Submit FR Casese {\"Jurisdiction\":\"Family Divorce\",\"CaseType\":\"Financial Remedy Consented\",\"Event\":\"Consent Order Application\"}",
              "timedOut": false,
              "duration": 0,
              "state": null,
              "speed": null,
              "pass": false,
              "fail": false,
              "pending": false,
              "context": null,
              "code": "runSteps(addExampleInTable(exampleSteps, current)",
              "err": {},
              "uuid": "c0ec1ec0-1a83-45cf-9ec6-60161ae66bfe",
              "parentUUID": null,
              "isHook": false,
              "skipped": true
            },
            {
              "title": "Create and Submit FR Casese {\"Jurisdiction\":\"Family Divorce\",\"CaseType\":\"Contested Financial Remedy\",\"Event\":\"Form A Application\"}",
              "fullTitle": "FR create case workflow - Case Worker Create and Submit FR Casese {\"Jurisdiction\":\"Family Divorce\",\"CaseType\":\"Contested Financial Remedy\",\"Event\":\"Form A Application\"}",
              "timedOut": false,
              "duration": 0,
              "state": null,
              "speed": null,
              "pass": false,
              "fail": false,
              "pending": false,
              "context": null,
              "code": "runSteps(addExampleInTable(exampleSteps, current)",
              "err": {},
              "uuid": "f1ce45cf-421b-4fa9-bd0f-e9f2a43ca341",
              "parentUUID": null,
              "isHook": false,
              "skipped": true
            }
          ],
          "suites": [],
          "passes": [],
          "failures": [],
          "pending": [],
          "skipped": [
            "e0d484f9-2ac3-4a6d-ba55-b800b53f2263",
            "fc6de782-6a06-4b87-87d6-59b2ea720bd8",
            "c0ec1ec0-1a83-45cf-9ec6-60161ae66bfe",
            "f1ce45cf-421b-4fa9-bd0f-e9f2a43ca341"
          ],
          "duration": 0,
          "root": false,
          "rootEmpty": false,
          "_timeout": 0
        },
        {
          "uuid": "9b7ce17e-4c3b-4109-ac71-b052cb537ffb",
          "title": "FR create case workflow",
          "fullFile": "/Users/sreekanth/work/moj/ex-ui/rpx-xui-webapp/test/e2e/features/app/FRCreateCase_solicitor.feature",
          "file": "/test/e2e/features/app/FRCreateCase_solicitor.feature",
          "beforeHooks": [
            {
              "title": "\"before all\" hook: codeceptjs.beforeSuite",
              "fullTitle": "FR create case workflow \"before all\" hook: codeceptjs.beforeSuite",
              "timedOut": false,
              "duration": 0,
              "state": null,
              "speed": null,
              "pass": false,
              "fail": false,
              "pending": false,
              "context": null,
              "code": "scenario.suiteSetup(suite)",
              "err": {},
              "uuid": "1d5e864a-62f4-41ca-acb4-e2cbaf181fc9",
              "parentUUID": null,
              "isHook": true,
              "skipped": false
            },
            {
              "title": "\"before each\" hook: codeceptjs.before",
              "fullTitle": "FR create case workflow \"before each\" hook: codeceptjs.before",
              "timedOut": false,
              "duration": 0,
              "state": null,
              "speed": null,
              "pass": false,
              "fail": false,
              "pending": false,
              "context": null,
              "code": "scenario.setup(suite)",
              "err": {},
              "uuid": "b3980caa-3e1b-413a-91ae-9e7d38c473f5",
              "parentUUID": null,
              "isHook": true,
              "skipped": false
            },
            {
              "title": "\"before each\" hook: Before",
              "fullTitle": "FR create case workflow \"before each\" hook: Before",
              "timedOut": false,
              "duration": 0,
              "state": null,
              "speed": null,
              "pass": false,
              "fail": false,
              "pending": false,
              "context": null,
              "code": "const errHandler = (err) => {\n  recorder.session.start('teardown');\n  recorder.cleanAsyncErr();\n  event.emit(event.test.failed, suite, err);\n  if (hookName === 'after') event.emit(event.test.after, suite);\n  if (hookName === 'afterSuite') event.emit(event.suite.after, suite);\n  recorder.add(() => done(err));\n};\nrecorder.errHandler((err) => {\n  errHandler(err);\n});\nif (!fn) throw new Error('fn is not defined');\nevent.emit(event.hook.started, suite);\nif (!recorder.isRunning()) {\n  recorder.start();\n  recorder.errHandler((err) => {\n    errHandler(err);\n  });\n}\nthis.test.body = fn.toString();\nif (isAsyncFunction(fn)) {\n  fn.call(this, getInjectedArguments(fn)).then(() => {\n    recorder.add('fire hook.passed', () => event.emit(event.hook.passed, suite));\n    recorder.add(`finish ${hookName} hook`, () => done());\n    recorder.catch();\n  }).catch((e) => {\n    recorder.throw(e);\n    recorder.catch((e) => {\n      const err = (recorder.getAsyncErr() === null) ? e : recorder.getAsyncErr();\n      errHandler(err);\n    });\n    recorder.add('fire hook.failed', () => event.emit(event.hook.failed, suite, e));\n  });\n  return;\n}\ntry {\n  fn.call(this, getInjectedArguments(fn));\n  recorder.add('fire hook.passed', () => event.emit(event.hook.passed, suite));\n  recorder.add(`finish ${hookName} hook`, () => done());\n  recorder.catch();\n} catch (err) {\n  recorder.throw(err);\n  recorder.catch((e) => {\n    const err = (recorder.getAsyncErr() === null) ? e : recorder.getAsyncErr();\n    errHandler(err);\n  });\n  recorder.add('fire hook.failed', () => event.emit(event.hook.failed, suite, err));\n}",
              "err": {},
              "uuid": "f3db73b7-e0b2-4adb-8097-43aa91921512",
              "parentUUID": null,
              "isHook": true,
              "skipped": false
            }
          ],
          "afterHooks": [
            {
              "title": "\"after all\" hook: codeceptjs.afterSuite",
              "fullTitle": "FR create case workflow \"after all\" hook: codeceptjs.afterSuite",
              "timedOut": false,
              "duration": 0,
              "state": null,
              "speed": null,
              "pass": false,
              "fail": false,
              "pending": false,
              "context": null,
              "code": "scenario.suiteTeardown(suite)",
              "err": {},
              "uuid": "f0460451-c714-4191-ae76-42f63c6d3211",
              "parentUUID": null,
              "isHook": true,
              "skipped": false
            },
            {
              "title": "\"after each\" hook: codeceptjs.after",
              "fullTitle": "FR create case workflow \"after each\" hook: codeceptjs.after",
              "timedOut": false,
              "duration": 0,
              "state": null,
              "speed": null,
              "pass": false,
              "fail": false,
              "pending": false,
              "context": null,
              "code": "scenario.teardown(suite)",
              "err": {},
              "uuid": "6d9ddcee-cc28-4da1-99ad-565782b76838",
              "parentUUID": null,
              "isHook": true,
              "skipped": false
            }
          ],
          "tests": [
            {
              "title": "Start FR Case creation {\"Jurisdiction\":\"Family Divorce\",\"CaseType\":\"Financial Remedy Consented\",\"Event\":\"Consent Order Application\"}",
              "fullTitle": "FR create case workflow Start FR Case creation {\"Jurisdiction\":\"Family Divorce\",\"CaseType\":\"Financial Remedy Consented\",\"Event\":\"Consent Order Application\"}",
              "timedOut": false,
              "duration": 0,
              "state": null,
              "speed": null,
              "pass": false,
              "fail": false,
              "pending": false,
              "context": null,
              "code": "runSteps(addExampleInTable(exampleSteps, current)",
              "err": {},
              "uuid": "e17dd1b0-22ee-444c-ab48-8c58c0aed1fc",
              "parentUUID": null,
              "isHook": false,
              "skipped": true
            },
            {
              "title": "Start FR Case creation {\"Jurisdiction\":\"Family Divorce\",\"CaseType\":\"Contested Financial Remedy\",\"Event\":\"Form A Application\"}",
              "fullTitle": "FR create case workflow Start FR Case creation {\"Jurisdiction\":\"Family Divorce\",\"CaseType\":\"Contested Financial Remedy\",\"Event\":\"Form A Application\"}",
              "timedOut": false,
              "duration": 0,
              "state": null,
              "speed": null,
              "pass": false,
              "fail": false,
              "pending": false,
              "context": null,
              "code": "runSteps(addExampleInTable(exampleSteps, current)",
              "err": {},
              "uuid": "e4039fe7-1ebd-4f81-aa0f-da2f3238dbad",
              "parentUUID": null,
              "isHook": false,
              "skipped": true
            },
            {
              "title": "Cancel FR Case creation {\"Jurisdiction\":\"Family Divorce\",\"CaseType\":\"Financial Remedy Consented\",\"Event\":\"Consent Order Application\"}",
              "fullTitle": "FR create case workflow Cancel FR Case creation {\"Jurisdiction\":\"Family Divorce\",\"CaseType\":\"Financial Remedy Consented\",\"Event\":\"Consent Order Application\"}",
              "timedOut": false,
              "duration": 0,
              "state": null,
              "speed": null,
              "pass": false,
              "fail": false,
              "pending": false,
              "context": null,
              "code": "runSteps(addExampleInTable(exampleSteps, current)",
              "err": {},
              "uuid": "81ad2efd-bd01-411e-8133-475e8bb60207",
              "parentUUID": null,
              "isHook": false,
              "skipped": true
            },
            {
              "title": "Cancel FR Case creation {\"Jurisdiction\":\"Family Divorce\",\"CaseType\":\"Contested Financial Remedy\",\"Event\":\"Form A Application\"}",
              "fullTitle": "FR create case workflow Cancel FR Case creation {\"Jurisdiction\":\"Family Divorce\",\"CaseType\":\"Contested Financial Remedy\",\"Event\":\"Form A Application\"}",
              "timedOut": false,
              "duration": 0,
              "state": null,
              "speed": null,
              "pass": false,
              "fail": false,
              "pending": false,
              "context": null,
              "code": "runSteps(addExampleInTable(exampleSteps, current)",
              "err": {},
              "uuid": "d8cd9865-c2b6-4f04-b268-dcb46b6476cc",
              "parentUUID": null,
              "isHook": false,
              "skipped": true
            },
            {
              "title": "Create and Submit FR Case {\"Jurisdiction\":\"Family Divorce\",\"CaseType\":\"Financial Remedy Consented\",\"Event\":\"Consent Order Application\"}",
              "fullTitle": "FR create case workflow Create and Submit FR Case {\"Jurisdiction\":\"Family Divorce\",\"CaseType\":\"Financial Remedy Consented\",\"Event\":\"Consent Order Application\"}",
              "timedOut": false,
              "duration": 0,
              "state": null,
              "speed": null,
              "pass": false,
              "fail": false,
              "pending": false,
              "context": null,
              "code": "runSteps(addExampleInTable(exampleSteps, current)",
              "err": {},
              "uuid": "67a7aebe-dba5-496c-b837-7f39da288067",
              "parentUUID": null,
              "isHook": false,
              "skipped": true
            },
            {
              "title": "Create and Submit FR Case {\"Jurisdiction\":\"Family Divorce\",\"CaseType\":\"Contested Financial Remedy\",\"Event\":\"Form A Application\"}",
              "fullTitle": "FR create case workflow Create and Submit FR Case {\"Jurisdiction\":\"Family Divorce\",\"CaseType\":\"Contested Financial Remedy\",\"Event\":\"Form A Application\"}",
              "timedOut": false,
              "duration": 0,
              "state": null,
              "speed": null,
              "pass": false,
              "fail": false,
              "pending": false,
              "context": null,
              "code": "runSteps(addExampleInTable(exampleSteps, current)",
              "err": {},
              "uuid": "4e3f6f39-06b2-4522-8091-856d98583516",
              "parentUUID": null,
              "isHook": false,
              "skipped": true
            },
            {
              "title": "Start Next Step on  FR Case {\"Jurisdiction\":\"Family Divorce\",\"CaseType\":\"Financial Remedy Consented\",\"Event\":\"Consent Order Application\"}",
              "fullTitle": "FR create case workflow Start Next Step on  FR Case {\"Jurisdiction\":\"Family Divorce\",\"CaseType\":\"Financial Remedy Consented\",\"Event\":\"Consent Order Application\"}",
              "timedOut": false,
              "duration": 0,
              "state": null,
              "speed": null,
              "pass": false,
              "fail": false,
              "pending": false,
              "context": null,
              "code": "runSteps(addExampleInTable(exampleSteps, current)",
              "err": {},
              "uuid": "c8fd5f3b-653e-4482-b1e2-ce0ef995613a",
              "parentUUID": null,
              "isHook": false,
              "skipped": true
            },
            {
              "title": "Start Next Step on  FR Case {\"Jurisdiction\":\"Family Divorce\",\"CaseType\":\"Contested Financial Remedy\",\"Event\":\"Form A Application\"}",
              "fullTitle": "FR create case workflow Start Next Step on  FR Case {\"Jurisdiction\":\"Family Divorce\",\"CaseType\":\"Contested Financial Remedy\",\"Event\":\"Form A Application\"}",
              "timedOut": false,
              "duration": 0,
              "state": null,
              "speed": null,
              "pass": false,
              "fail": false,
              "pending": false,
              "context": null,
              "code": "runSteps(addExampleInTable(exampleSteps, current)",
              "err": {},
              "uuid": "41fb0f39-f95c-41b4-b11f-17207c914584",
              "parentUUID": null,
              "isHook": false,
              "skipped": true
            }
          ],
          "suites": [],
          "passes": [],
          "failures": [],
          "pending": [],
          "skipped": [
            "e17dd1b0-22ee-444c-ab48-8c58c0aed1fc",
            "e4039fe7-1ebd-4f81-aa0f-da2f3238dbad",
            "81ad2efd-bd01-411e-8133-475e8bb60207",
            "d8cd9865-c2b6-4f04-b268-dcb46b6476cc",
            "67a7aebe-dba5-496c-b837-7f39da288067",
            "4e3f6f39-06b2-4522-8091-856d98583516",
            "c8fd5f3b-653e-4482-b1e2-ce0ef995613a",
            "41fb0f39-f95c-41b4-b11f-17207c914584"
          ],
          "duration": 0,
          "root": false,
          "rootEmpty": false,
          "_timeout": 0
        },
        {
          "uuid": "4fb013ee-0c0a-4cf7-a853-ac02d40ec225",
          "title": "Global search @fullfunctional @ignore",
          "fullFile": "/Users/sreekanth/work/moj/ex-ui/rpx-xui-webapp/test/e2e/features/app/globalSearch/searchPage.feature",
          "file": "/test/e2e/features/app/globalSearch/searchPage.feature",
          "beforeHooks": [
            {
              "title": "\"before all\" hook: codeceptjs.beforeSuite",
              "fullTitle": "Global search @fullfunctional @ignore \"before all\" hook: codeceptjs.beforeSuite",
              "timedOut": false,
              "duration": 0,
              "state": null,
              "speed": null,
              "pass": false,
              "fail": false,
              "pending": false,
              "context": null,
              "code": "scenario.suiteSetup(suite)",
              "err": {},
              "uuid": "80346c3c-5415-493b-9472-4e4c8f0f0087",
              "parentUUID": null,
              "isHook": true,
              "skipped": false
            },
            {
              "title": "\"before each\" hook: codeceptjs.before",
              "fullTitle": "Global search @fullfunctional @ignore \"before each\" hook: codeceptjs.before",
              "timedOut": false,
              "duration": 0,
              "state": null,
              "speed": null,
              "pass": false,
              "fail": false,
              "pending": false,
              "context": null,
              "code": "scenario.setup(suite)",
              "err": {},
              "uuid": "03703e26-ab48-4924-9425-b8903a1c36f0",
              "parentUUID": null,
              "isHook": true,
              "skipped": false
            }
          ],
          "afterHooks": [
            {
              "title": "\"after all\" hook: codeceptjs.afterSuite",
              "fullTitle": "Global search @fullfunctional @ignore \"after all\" hook: codeceptjs.afterSuite",
              "timedOut": false,
              "duration": 0,
              "state": null,
              "speed": null,
              "pass": false,
              "fail": false,
              "pending": false,
              "context": null,
              "code": "scenario.suiteTeardown(suite)",
              "err": {},
              "uuid": "1753dcdd-ff97-444c-a0d8-f2c69701abb8",
              "parentUUID": null,
              "isHook": true,
              "skipped": false
            },
            {
              "title": "\"after each\" hook: codeceptjs.after",
              "fullTitle": "Global search @fullfunctional @ignore \"after each\" hook: codeceptjs.after",
              "timedOut": false,
              "duration": 0,
              "state": null,
              "speed": null,
              "pass": false,
              "fail": false,
              "pending": false,
              "context": null,
              "code": "scenario.teardown(suite)",
              "err": {},
              "uuid": "defad627-d9e5-4119-a4e3-2396e5a99dbd",
              "parentUUID": null,
              "isHook": true,
              "skipped": false
            }
          ],
          "tests": [
            {
              "title": "Search from page \"Search\" {\"SearchField\":\"Name\",\"Input\":\"test\"}",
              "fullTitle": "Global search @fullfunctional @ignore Search from page \"Search\" {\"SearchField\":\"Name\",\"Input\":\"test\"}",
              "timedOut": false,
              "duration": 0,
              "state": null,
              "speed": null,
              "pass": false,
              "fail": false,
              "pending": false,
              "context": null,
              "code": "runSteps(addExampleInTable(exampleSteps, current)",
              "err": {},
              "uuid": "1b8fc48b-c939-49c2-aad5-e2cd7ca04219",
              "parentUUID": null,
              "isHook": false,
              "skipped": true
            },
            {
              "title": "Search from page \"Search\" {\"SearchField\":\"16-digit case reference\",\"Input\":\"1659516513846003\"}",
              "fullTitle": "Global search @fullfunctional @ignore Search from page \"Search\" {\"SearchField\":\"16-digit case reference\",\"Input\":\"1659516513846003\"}",
              "timedOut": false,
              "duration": 0,
              "state": null,
              "speed": null,
              "pass": false,
              "fail": false,
              "pending": false,
              "context": null,
              "code": "runSteps(addExampleInTable(exampleSteps, current)",
              "err": {},
              "uuid": "c5f7b2dc-91f7-4ab9-977e-5d51b42c673a",
              "parentUUID": null,
              "isHook": false,
              "skipped": true
            },
            {
              "title": "Search from menu 16-digit find control",
              "fullTitle": "Global search @fullfunctional @ignore Search from menu 16-digit find control",
              "timedOut": false,
              "duration": 0,
              "state": null,
              "speed": null,
              "pass": false,
              "fail": false,
              "pending": false,
              "context": null,
              "code": "runSteps(child.steps)",
              "err": {},
              "uuid": "387c30d9-0a25-4206-ad45-6178fc0e4a84",
              "parentUUID": null,
              "isHook": false,
              "skipped": true
            }
          ],
          "suites": [],
          "passes": [],
          "failures": [],
          "pending": [],
          "skipped": [
            "1b8fc48b-c939-49c2-aad5-e2cd7ca04219",
            "c5f7b2dc-91f7-4ab9-977e-5d51b42c673a",
            "387c30d9-0a25-4206-ad45-6178fc0e4a84"
          ],
          "duration": 0,
          "root": false,
          "rootEmpty": false,
          "_timeout": 0
        },
        {
          "uuid": "b1bdc06c-5f7e-4c0a-9e9a-57d6dffbe2f4",
          "title": "IA create case workflow",
          "fullFile": "/Users/sreekanth/work/moj/ex-ui/rpx-xui-webapp/test/e2e/features/app/iaCompleteCreateCaseJourney.feature",
          "file": "/test/e2e/features/app/iaCompleteCreateCaseJourney.feature",
          "beforeHooks": [
            {
              "title": "\"before all\" hook: codeceptjs.beforeSuite",
              "fullTitle": "IA create case workflow \"before all\" hook: codeceptjs.beforeSuite",
              "timedOut": false,
              "duration": 0,
              "state": null,
              "speed": null,
              "pass": false,
              "fail": false,
              "pending": false,
              "context": null,
              "code": "scenario.suiteSetup(suite)",
              "err": {},
              "uuid": "8bf00ba1-9a97-4e90-a53d-2c1f22c451a4",
              "parentUUID": null,
              "isHook": true,
              "skipped": false
            },
            {
              "title": "\"before each\" hook: codeceptjs.before",
              "fullTitle": "IA create case workflow \"before each\" hook: codeceptjs.before",
              "timedOut": false,
              "duration": 0,
              "state": null,
              "speed": null,
              "pass": false,
              "fail": false,
              "pending": false,
              "context": null,
              "code": "scenario.setup(suite)",
              "err": {},
              "uuid": "6b5154f2-c423-4686-b4c7-4bc8ef4598bb",
              "parentUUID": null,
              "isHook": true,
              "skipped": false
            },
            {
              "title": "\"before each\" hook: Before",
              "fullTitle": "IA create case workflow \"before each\" hook: Before",
              "timedOut": false,
              "duration": 0,
              "state": null,
              "speed": null,
              "pass": false,
              "fail": false,
              "pending": false,
              "context": null,
              "code": "const errHandler = (err) => {\n  recorder.session.start('teardown');\n  recorder.cleanAsyncErr();\n  event.emit(event.test.failed, suite, err);\n  if (hookName === 'after') event.emit(event.test.after, suite);\n  if (hookName === 'afterSuite') event.emit(event.suite.after, suite);\n  recorder.add(() => done(err));\n};\nrecorder.errHandler((err) => {\n  errHandler(err);\n});\nif (!fn) throw new Error('fn is not defined');\nevent.emit(event.hook.started, suite);\nif (!recorder.isRunning()) {\n  recorder.start();\n  recorder.errHandler((err) => {\n    errHandler(err);\n  });\n}\nthis.test.body = fn.toString();\nif (isAsyncFunction(fn)) {\n  fn.call(this, getInjectedArguments(fn)).then(() => {\n    recorder.add('fire hook.passed', () => event.emit(event.hook.passed, suite));\n    recorder.add(`finish ${hookName} hook`, () => done());\n    recorder.catch();\n  }).catch((e) => {\n    recorder.throw(e);\n    recorder.catch((e) => {\n      const err = (recorder.getAsyncErr() === null) ? e : recorder.getAsyncErr();\n      errHandler(err);\n    });\n    recorder.add('fire hook.failed', () => event.emit(event.hook.failed, suite, e));\n  });\n  return;\n}\ntry {\n  fn.call(this, getInjectedArguments(fn));\n  recorder.add('fire hook.passed', () => event.emit(event.hook.passed, suite));\n  recorder.add(`finish ${hookName} hook`, () => done());\n  recorder.catch();\n} catch (err) {\n  recorder.throw(err);\n  recorder.catch((e) => {\n    const err = (recorder.getAsyncErr() === null) ? e : recorder.getAsyncErr();\n    errHandler(err);\n  });\n  recorder.add('fire hook.failed', () => event.emit(event.hook.failed, suite, err));\n}",
              "err": {},
              "uuid": "af51c3c5-7701-4a25-bb29-61cafe637350",
              "parentUUID": null,
              "isHook": true,
              "skipped": false
            }
          ],
          "afterHooks": [
            {
              "title": "\"after all\" hook: codeceptjs.afterSuite",
              "fullTitle": "IA create case workflow \"after all\" hook: codeceptjs.afterSuite",
              "timedOut": false,
              "duration": 0,
              "state": null,
              "speed": null,
              "pass": false,
              "fail": false,
              "pending": false,
              "context": null,
              "code": "scenario.suiteTeardown(suite)",
              "err": {},
              "uuid": "6e47d2f4-d62f-42d1-8d7a-fa3c9c3172a5",
              "parentUUID": null,
              "isHook": true,
              "skipped": false
            },
            {
              "title": "\"after each\" hook: codeceptjs.after",
              "fullTitle": "IA create case workflow \"after each\" hook: codeceptjs.after",
              "timedOut": false,
              "duration": 0,
              "state": null,
              "speed": null,
              "pass": false,
              "fail": false,
              "pending": false,
              "context": null,
              "code": "scenario.teardown(suite)",
              "err": {},
              "uuid": "ae06d85f-b83c-409a-af75-41abd3e791c4",
              "parentUUID": null,
              "isHook": true,
              "skipped": false
            }
          ],
          "tests": [
            {
              "title": "Create and Submit IA Case start appeal",
              "fullTitle": "IA create case workflow Create and Submit IA Case start appeal",
              "timedOut": false,
              "duration": 0,
              "state": null,
              "speed": null,
              "pass": false,
              "fail": false,
              "pending": false,
              "context": null,
              "code": "runSteps(child.steps)",
              "err": {},
              "uuid": "d4155c4b-c261-45ab-8074-6ea6e81d90e5",
              "parentUUID": null,
              "isHook": false,
              "skipped": true
            }
          ],
          "suites": [],
          "passes": [],
          "failures": [],
          "pending": [],
          "skipped": [
            "d4155c4b-c261-45ab-8074-6ea6e81d90e5"
          ],
          "duration": 0,
          "root": false,
          "rootEmpty": false,
          "_timeout": 0
        },
        {
          "uuid": "cf1b8cfa-0897-4bd7-a0c9-b83ee05c1616",
          "title": "IA create case workflow",
          "fullFile": "/Users/sreekanth/work/moj/ex-ui/rpx-xui-webapp/test/e2e/features/app/iaCreateCase.feature",
          "file": "/test/e2e/features/app/iaCreateCase.feature",
          "beforeHooks": [
            {
              "title": "\"before all\" hook: codeceptjs.beforeSuite",
              "fullTitle": "IA create case workflow \"before all\" hook: codeceptjs.beforeSuite",
              "timedOut": false,
              "duration": 0,
              "state": null,
              "speed": null,
              "pass": false,
              "fail": false,
              "pending": false,
              "context": null,
              "code": "scenario.suiteSetup(suite)",
              "err": {},
              "uuid": "a5a59902-7727-43f6-99c1-3020111de12f",
              "parentUUID": null,
              "isHook": true,
              "skipped": false
            },
            {
              "title": "\"before each\" hook: codeceptjs.before",
              "fullTitle": "IA create case workflow \"before each\" hook: codeceptjs.before",
              "timedOut": false,
              "duration": 0,
              "state": null,
              "speed": null,
              "pass": false,
              "fail": false,
              "pending": false,
              "context": null,
              "code": "scenario.setup(suite)",
              "err": {},
              "uuid": "1e0dff94-75cf-4e4a-8d69-47c401cee547",
              "parentUUID": null,
              "isHook": true,
              "skipped": false
            },
            {
              "title": "\"before each\" hook: Before",
              "fullTitle": "IA create case workflow \"before each\" hook: Before",
              "timedOut": false,
              "duration": 0,
              "state": null,
              "speed": null,
              "pass": false,
              "fail": false,
              "pending": false,
              "context": null,
              "code": "const errHandler = (err) => {\n  recorder.session.start('teardown');\n  recorder.cleanAsyncErr();\n  event.emit(event.test.failed, suite, err);\n  if (hookName === 'after') event.emit(event.test.after, suite);\n  if (hookName === 'afterSuite') event.emit(event.suite.after, suite);\n  recorder.add(() => done(err));\n};\nrecorder.errHandler((err) => {\n  errHandler(err);\n});\nif (!fn) throw new Error('fn is not defined');\nevent.emit(event.hook.started, suite);\nif (!recorder.isRunning()) {\n  recorder.start();\n  recorder.errHandler((err) => {\n    errHandler(err);\n  });\n}\nthis.test.body = fn.toString();\nif (isAsyncFunction(fn)) {\n  fn.call(this, getInjectedArguments(fn)).then(() => {\n    recorder.add('fire hook.passed', () => event.emit(event.hook.passed, suite));\n    recorder.add(`finish ${hookName} hook`, () => done());\n    recorder.catch();\n  }).catch((e) => {\n    recorder.throw(e);\n    recorder.catch((e) => {\n      const err = (recorder.getAsyncErr() === null) ? e : recorder.getAsyncErr();\n      errHandler(err);\n    });\n    recorder.add('fire hook.failed', () => event.emit(event.hook.failed, suite, e));\n  });\n  return;\n}\ntry {\n  fn.call(this, getInjectedArguments(fn));\n  recorder.add('fire hook.passed', () => event.emit(event.hook.passed, suite));\n  recorder.add(`finish ${hookName} hook`, () => done());\n  recorder.catch();\n} catch (err) {\n  recorder.throw(err);\n  recorder.catch((e) => {\n    const err = (recorder.getAsyncErr() === null) ? e : recorder.getAsyncErr();\n    errHandler(err);\n  });\n  recorder.add('fire hook.failed', () => event.emit(event.hook.failed, suite, err));\n}",
              "err": {},
              "uuid": "537b7510-0b60-41ff-bc5d-8ae700cb3f04",
              "parentUUID": null,
              "isHook": true,
              "skipped": false
            }
          ],
          "afterHooks": [
            {
              "title": "\"after all\" hook: codeceptjs.afterSuite",
              "fullTitle": "IA create case workflow \"after all\" hook: codeceptjs.afterSuite",
              "timedOut": false,
              "duration": 0,
              "state": null,
              "speed": null,
              "pass": false,
              "fail": false,
              "pending": false,
              "context": null,
              "code": "scenario.suiteTeardown(suite)",
              "err": {},
              "uuid": "0f6dd6bc-4919-4b05-b411-e85e3840b954",
              "parentUUID": null,
              "isHook": true,
              "skipped": false
            },
            {
              "title": "\"after each\" hook: codeceptjs.after",
              "fullTitle": "IA create case workflow \"after each\" hook: codeceptjs.after",
              "timedOut": false,
              "duration": 0,
              "state": null,
              "speed": null,
              "pass": false,
              "fail": false,
              "pending": false,
              "context": null,
              "code": "scenario.teardown(suite)",
              "err": {},
              "uuid": "6ac18096-9fff-41ed-9d0c-6e7769211946",
              "parentUUID": null,
              "isHook": true,
              "skipped": false
            }
          ],
          "tests": [
            {
              "title": "Start create case for IA Start appeal",
              "fullTitle": "IA create case workflow Start create case for IA Start appeal",
              "timedOut": false,
              "duration": 0,
              "state": null,
              "speed": null,
              "pass": false,
              "fail": false,
              "pending": false,
              "context": null,
              "code": "runSteps(child.steps)",
              "err": {},
              "uuid": "ba8ba502-1d33-4908-ac88-38d42819cde1",
              "parentUUID": null,
              "isHook": false,
              "skipped": true
            },
            {
              "title": "Create and Submit IA Case start appeal",
              "fullTitle": "IA create case workflow Create and Submit IA Case start appeal",
              "timedOut": false,
              "duration": 0,
              "state": null,
              "speed": null,
              "pass": false,
              "fail": false,
              "pending": false,
              "context": null,
              "code": "runSteps(child.steps)",
              "err": {},
              "uuid": "91ceaaa7-1a7d-4f0c-ade1-936bf8348385",
              "parentUUID": null,
              "isHook": false,
              "skipped": true
            }
          ],
          "suites": [],
          "passes": [],
          "failures": [],
          "pending": [],
          "skipped": [
            "ba8ba502-1d33-4908-ac88-38d42819cde1",
            "91ceaaa7-1a7d-4f0c-ade1-936bf8348385"
          ],
          "duration": 0,
          "root": false,
          "rootEmpty": false,
          "_timeout": 0
        },
        {
          "uuid": "3f2854cb-149d-408c-842e-a2127491722c",
          "title": "Judicial Booking UI @fullfunctional @demo",
          "fullFile": "/Users/sreekanth/work/moj/ex-ui/rpx-xui-webapp/test/e2e/features/app/judicialBookingUI/judicialBookingUI.feature",
          "file": "/test/e2e/features/app/judicialBookingUI/judicialBookingUI.feature",
          "beforeHooks": [
            {
              "title": "\"before all\" hook: codeceptjs.beforeSuite",
              "fullTitle": "Judicial Booking UI @fullfunctional @demo \"before all\" hook: codeceptjs.beforeSuite",
              "timedOut": false,
              "duration": 0,
              "state": null,
              "speed": null,
              "pass": false,
              "fail": false,
              "pending": false,
              "context": null,
              "code": "scenario.suiteSetup(suite)",
              "err": {},
              "uuid": "773ba8a1-4ca0-405c-b78b-b06e9e8d0a1e",
              "parentUUID": null,
              "isHook": true,
              "skipped": false
            },
            {
[...]
              "err": {},
              "uuid": "826c6b71-f938-4690-8d54-8ee17826957c",
              "parentUUID": null,
              "isHook": true,
              "skipped": false
            }
          ],
          "afterHooks": [
            {
              "title": "\"after all\" hook: codeceptjs.afterSuite",
              "fullTitle": "Verify new entry timestamp \"after all\" hook: codeceptjs.afterSuite",
              "timedOut": false,
              "duration": 0,
              "state": null,
              "speed": null,
              "pass": false,
              "fail": false,
              "pending": false,
              "context": null,
              "code": "scenario.suiteTeardown(suite)",
              "err": {},
              "uuid": "b0ba819c-2678-4c84-99df-dc5c74024392",
              "parentUUID": null,
              "isHook": true,
              "skipped": false
            },
            {
              "title": "\"after each\" hook: codeceptjs.after",
              "fullTitle": "Verify new entry timestamp \"after each\" hook: codeceptjs.after",
              "timedOut": false,
              "duration": 0,
              "state": null,
              "speed": null,
              "pass": false,
              "fail": false,
              "pending": false,
              "context": null,
              "code": "scenario.teardown(suite)",
              "err": {},
              "uuid": "0f9be45c-653d-4854-8b56-33fb51d9c606",
              "parentUUID": null,
              "isHook": true,
              "skipped": false
            }
          ],
          "tests": [
            {
              "title": "User adds a new comment to a case and timestamp shows current time {\"Jurisdiction\":\"Manage probate application\",\"CaseType\":\"Grant of representation\"}",
              "fullTitle": "Verify new entry timestamp User adds a new comment to a case and timestamp shows current time {\"Jurisdiction\":\"Manage probate application\",\"CaseType\":\"Grant of representation\"}",
              "timedOut": false,
              "duration": 0,
              "state": null,
              "speed": null,
              "pass": false,
              "fail": false,
              "pending": false,
              "context": null,
              "code": "runSteps(addExampleInTable(exampleSteps, current)",
              "err": {},
              "uuid": "f4e3d3e0-435d-49c1-a0fd-8b5375ae072a",
              "parentUUID": null,
              "isHook": false,
              "skipped": true
            }
          ],
          "suites": [],
          "passes": [],
          "failures": [],
          "pending": [],
          "skipped": [
            "f4e3d3e0-435d-49c1-a0fd-8b5375ae072a"
          ],
          "duration": 0,
          "root": false,
          "rootEmpty": false,
          "_timeout": 0
        },
        {
          "uuid": "5070a19d-847b-4d44-b1e1-fd9160fa514c",
          "title": "WA Release 2: : Case details WA tabs tabs @fullfunctional @demo",
          "fullFile": "/Users/sreekanth/work/moj/ex-ui/rpx-xui-webapp/test/e2e/features/app/workAllocation/caseDetailsWATabs.feature",
          "file": "/test/e2e/features/app/workAllocation/caseDetailsWATabs.feature",
          "beforeHooks": [
            {
              "title": "\"before all\" hook: codeceptjs.beforeSuite",
              "fullTitle": "WA Release 2: : Case details WA tabs tabs @fullfunctional @demo \"before all\" hook: codeceptjs.beforeSuite",
              "timedOut": false,
              "duration": 0,
              "state": null,
              "speed": null,
              "pass": false,
              "fail": false,
              "pending": false,
              "context": null,
              "code": "scenario.suiteSetup(suite)",
              "err": {},
              "uuid": "e2c40f71-4230-4c15-bed3-1f2678e4f225",
              "parentUUID": null,
              "isHook": true,
              "skipped": false
            },
            {
              "title": "\"before each\" hook: codeceptjs.before",
              "fullTitle": "WA Release 2: : Case details WA tabs tabs @fullfunctional @demo \"before each\" hook: codeceptjs.before",
              "timedOut": false,
              "duration": 0,
              "state": null,
              "speed": null,
              "pass": false,
              "fail": false,
              "pending": false,
              "context": null,
              "code": "scenario.setup(suite)",
              "err": {},
              "uuid": "84ae650e-e9d3-422d-bd09-2f68081a9473",
              "parentUUID": null,
              "isHook": true,
              "skipped": false
            }
          ],
          "afterHooks": [
            {
              "title": "\"after all\" hook: codeceptjs.afterSuite",
              "fullTitle": "WA Release 2: : Case details WA tabs tabs @fullfunctional @demo \"after all\" hook: codeceptjs.afterSuite",
              "timedOut": false,
              "duration": 0,
              "state": null,
              "speed": null,
              "pass": false,
              "fail": false,
              "pending": false,
              "context": null,
              "code": "scenario.suiteTeardown(suite)",
              "err": {},
              "uuid": "9c014998-75dc-446b-a863-e02d89f42ab7",
              "parentUUID": null,
              "isHook": true,
              "skipped": false
            },
            {
              "title": "\"after each\" hook: codeceptjs.after",
              "fullTitle": "WA Release 2: : Case details WA tabs tabs @fullfunctional @demo \"after each\" hook: codeceptjs.after",
              "timedOut": false,
              "duration": 0,
              "state": null,
              "speed": null,
              "pass": false,
              "fail": false,
              "pending": false,
              "context": null,
              "code": "scenario.teardown(suite)",
              "err": {},
              "uuid": "e7abab04-55bd-4ff5-a645-44d4a5537f70",
              "parentUUID": null,
              "isHook": true,
              "skipped": false
            }
          ],
          "tests": [
            {
              "title": "Case details WA Tabs",
              "fullTitle": "WA Release 2: : Case details WA tabs tabs @fullfunctional @demo Case details WA Tabs",
              "timedOut": false,
              "duration": 0,
              "state": null,
              "speed": null,
              "pass": false,
              "fail": false,
              "pending": false,
              "context": null,
              "code": "runSteps(child.steps)",
              "err": {},
              "uuid": "cd34ac7b-4c89-4c47-9fd9-d316c8f65e76",
              "parentUUID": null,
              "isHook": false,
              "skipped": true
            },
            {
              "title": "Add and delete exclusions",
              "fullTitle": "WA Release 2: : Case details WA tabs tabs @fullfunctional @demo Add and delete exclusions",
              "timedOut": false,
              "duration": 0,
              "state": null,
              "speed": null,
              "pass": false,
              "fail": false,
              "pending": false,
              "context": null,
              "code": "runSteps(child.steps)",
              "err": {},
              "uuid": "61cb1a0d-5644-4a63-95c8-4f52a63b332a",
              "parentUUID": null,
              "isHook": false,
              "skipped": true
            },
            {
              "title": "Add and delete Role",
              "fullTitle": "WA Release 2: : Case details WA tabs tabs @fullfunctional @demo Add and delete Role",
              "timedOut": false,
              "duration": 0,
              "state": null,
              "speed": null,
              "pass": false,
              "fail": false,
              "pending": false,
              "context": null,
              "code": "runSteps(child.steps)",
              "err": {},
              "uuid": "7b25e355-0b13-4e97-834f-7a4013508619",
              "parentUUID": null,
              "isHook": false,
              "skipped": true
            }
          ],
          "suites": [],
          "passes": [],
          "failures": [],
          "pending": [],
          "skipped": [
            "cd34ac7b-4c89-4c47-9fd9-d316c8f65e76",
            "61cb1a0d-5644-4a63-95c8-4f52a63b332a",
            "7b25e355-0b13-4e97-834f-7a4013508619"
          ],
          "duration": 0,
          "root": false,
          "rootEmpty": false,
          "_timeout": 0
        },
        {
          "uuid": "c3b015ab-ed11-4d9f-ab92-1e35d3eb1ebe",
          "title": "WA Release 2: : Task Assign/Reassign @fullfunctional @demo @test",
          "fullFile": "/Users/sreekanth/work/moj/ex-ui/rpx-xui-webapp/test/e2e/features/app/workAllocation/taskActions.feature",
          "file": "/test/e2e/features/app/workAllocation/taskActions.feature",
          "beforeHooks": [
            {
              "title": "\"before all\" hook: codeceptjs.beforeSuite",
              "fullTitle": "WA Release 2: : Task Assign/Reassign @fullfunctional @demo @test \"before all\" hook: codeceptjs.beforeSuite",
              "timedOut": false,
              "duration": 0,
              "state": null,
              "speed": null,
              "pass": false,
              "fail": false,
              "pending": false,
              "context": null,
              "code": "scenario.suiteSetup(suite)",
              "err": {},
              "uuid": "04423875-df40-4eaa-8587-5853ff666306",
              "parentUUID": null,
              "isHook": true,
              "skipped": false
            },
            {
              "title": "\"before each\" hook: codeceptjs.before",
              "fullTitle": "WA Release 2: : Task Assign/Reassign @fullfunctional @demo @test \"before each\" hook: codeceptjs.before",
              "timedOut": false,
              "duration": 0,
              "state": null,
              "speed": null,
              "pass": false,
              "fail": false,
              "pending": false,
              "context": null,
              "code": "scenario.setup(suite)",
              "err": {},
              "uuid": "38e2dcdf-f5b2-414f-9141-6274478e692b",
              "parentUUID": null,
              "isHook": true,
              "skipped": false
            }
          ],
          "afterHooks": [
            {
              "title": "\"after all\" hook: codeceptjs.afterSuite",
              "fullTitle": "WA Release 2: : Task Assign/Reassign @fullfunctional @demo @test \"after all\" hook: codeceptjs.afterSuite",
              "timedOut": false,
              "duration": 0,
              "state": null,
              "speed": null,
              "pass": false,
              "fail": false,
              "pending": false,
              "context": null,
              "code": "scenario.suiteTeardown(suite)",
              "err": {},
              "uuid": "bb122da0-7ef9-4dd7-9669-1d8b3c6b1f79",
              "parentUUID": null,
              "isHook": true,
              "skipped": false
            },
            {
              "title": "\"after each\" hook: codeceptjs.after",
              "fullTitle": "WA Release 2: : Task Assign/Reassign @fullfunctional @demo @test \"after each\" hook: codeceptjs.after",
              "timedOut": false,
              "duration": 0,
              "state": null,
              "speed": null,
              "pass": false,
              "fail": false,
              "pending": false,
              "context": null,
              "code": "scenario.teardown(suite)",
              "err": {},
              "uuid": "6f33e0cc-a117-4f65-a7b4-b131b11c2e68",
              "parentUUID": null,
              "isHook": true,
              "skipped": false
            }
          ],
          "tests": [
            {
              "title": "Reassign task from All work",
              "fullTitle": "WA Release 2: : Task Assign/Reassign @fullfunctional @demo @test Reassign task from All work",
              "timedOut": false,
              "duration": 0,
              "state": null,
              "speed": null,
              "pass": false,
              "fail": false,
              "pending": false,
              "context": null,
              "code": "runSteps(child.steps)",
              "err": {},
              "uuid": "1955c14b-a048-4283-a31c-2f32591a4920",
              "parentUUID": null,
              "isHook": false,
              "skipped": true
            }
          ],
          "suites": [],
          "passes": [],
          "failures": [],
          "pending": [],
          "skipped": [
            "1955c14b-a048-4283-a31c-2f32591a4920"
          ],
          "duration": 0,
          "root": false,
          "rootEmpty": false,
          "_timeout": 0
        },
        {
          "uuid": "4bb7d7d9-9ce3-4445-8b8f-c9d996856ea6",
          "title": "WA Release 2: : Work allocations My work, All work @fullfunctional @wa2 @demo",
          "fullFile": "/Users/sreekanth/work/moj/ex-ui/rpx-xui-webapp/test/e2e/features/app/workAllocation/workallocation2.feature",
          "file": "/test/e2e/features/app/workAllocation/workallocation2.feature",
          "beforeHooks": [
            {
              "title": "\"before all\" hook: codeceptjs.beforeSuite",
              "fullTitle": "WA Release 2: : Work allocations My work, All work @fullfunctional @wa2 @demo \"before all\" hook: codeceptjs.beforeSuite",
              "timedOut": false,
              "duration": 0,
              "state": null,
              "speed": null,
              "pass": false,
              "fail": false,
              "pending": false,
              "context": null,
              "code": "scenario.suiteSetup(suite)",
              "err": {},
              "uuid": "28e24ccb-6afc-4760-ad66-d40cc3d64f71",
              "parentUUID": null,
              "isHook": true,
              "skipped": false
            },
            {
              "title": "\"before each\" hook: codeceptjs.before",
              "fullTitle": "WA Release 2: : Work allocations My work, All work @fullfunctional @wa2 @demo \"before each\" hook: codeceptjs.before",
              "timedOut": false,
              "duration": 0,
              "state": null,
              "speed": null,
              "pass": false,
              "fail": false,
              "pending": false,
              "context": null,
              "code": "scenario.setup(suite)",
              "err": {},
              "uuid": "a0b3ae38-1ca9-4e7a-b452-fa3cc2164d33",
              "parentUUID": null,
              "isHook": true,
              "skipped": false
            }
          ],
          "afterHooks": [
            {
              "title": "\"after all\" hook: codeceptjs.afterSuite",
              "fullTitle": "WA Release 2: : Work allocations My work, All work @fullfunctional @wa2 @demo \"after all\" hook: codeceptjs.afterSuite",
              "timedOut": false,
              "duration": 0,
              "state": null,
              "speed": null,
              "pass": false,
              "fail": false,
              "pending": false,
              "context": null,
              "code": "scenario.suiteTeardown(suite)",
              "err": {},
              "uuid": "dad648ff-3f4c-4177-bfd9-1067be281a8c",
              "parentUUID": null,
              "isHook": true,
              "skipped": false
            },
            {
              "title": "\"after each\" hook: codeceptjs.after",
              "fullTitle": "WA Release 2: : Work allocations My work, All work @fullfunctional @wa2 @demo \"after each\" hook: codeceptjs.after",
              "timedOut": false,
              "duration": 0,
              "state": null,
              "speed": null,
              "pass": false,
              "fail": false,
              "pending": false,
              "context": null,
              "code": "scenario.teardown(suite)",
              "err": {},
              "uuid": "6da71714-8e20-4902-a392-6a068fefb1ea",
              "parentUUID": null,
              "isHook": true,
              "skipped": false
            }
          ],
          "tests": [
            {
              "title": "View tasks, E2E journey of Caseworker-ia-officer user {\"useridentifier\":\"IAC_CaseOfficer_R2\",\"roles\":\"caseworker-ia-caseofficer,caseworker-ia-admofficer\",\"mainHeaders\":\"My work, All work ,Case list, Create case\",\"rightColumnHeaders\":\"Find case\"}",
              "fullTitle": "WA Release 2: : Work allocations My work, All work @fullfunctional @wa2 @demo View tasks, E2E journey of Caseworker-ia-officer user {\"useridentifier\":\"IAC_CaseOfficer_R2\",\"roles\":\"caseworker-ia-caseofficer,caseworker-ia-admofficer\",\"mainHeaders\":\"My work, All work ,Case list, Create case\",\"rightColumnHeaders\":\"Find case\"}",
              "timedOut": false,
              "duration": 0,
              "state": null,
              "speed": null,
              "pass": false,
              "fail": false,
              "pending": false,
              "context": null,
              "code": "runSteps(addExampleInTable(exampleSteps, current)",
              "err": {},
              "uuid": "97b525cb-abd6-4a8d-a732-9c663fc73617",
              "parentUUID": null,
              "isHook": false,
              "skipped": true
            },
            {
              "title": "My work tabs",
              "fullTitle": "WA Release 2: : Work allocations My work, All work @fullfunctional @wa2 @demo My work tabs",
              "timedOut": false,
              "duration": 0,
              "state": null,
              "speed": null,
              "pass": false,
              "fail": false,
              "pending": false,
              "context": null,
              "code": "runSteps(child.steps)",
              "err": {},
              "uuid": "ecf52b3b-bda4-419b-808d-bb9c0c48ec84",
              "parentUUID": null,
              "isHook": false,
              "skipped": true
            },
            {
              "title": "All work tabs",
              "fullTitle": "WA Release 2: : Work allocations My work, All work @fullfunctional @wa2 @demo All work tabs",
              "timedOut": false,
              "duration": 0,
              "state": null,
              "speed": null,
              "pass": false,
              "fail": false,
              "pending": false,
              "context": null,
              "code": "runSteps(child.steps)",
              "err": {},
              "uuid": "89c24087-b4f2-4bd8-9927-45f6672080ca",
              "parentUUID": null,
              "isHook": false,
              "skipped": true
            }
          ],
          "suites": [],
          "passes": [],
          "failures": [],
          "pending": [],
          "skipped": [
            "97b525cb-abd6-4a8d-a732-9c663fc73617",
            "ecf52b3b-bda4-419b-808d-bb9c0c48ec84",
            "89c24087-b4f2-4bd8-9927-45f6672080ca"
          ],
          "duration": 0,
          "root": false,
          "rootEmpty": false,
          "_timeout": 0
        }
      ],
      "passes": [],
      "failures": [],
      "pending": [],
      "skipped": [],
      "duration": 0,
      "root": true,
      "rootEmpty": true,
      "_timeout": 0
    }
  ],
  "meta": {
    "mocha": {
      "version": "8.1.3"
    },
    "mochawesome": {
      "options": {
        "quiet": false,
        "reportFilename": "mochawesome",
        "saveHtml": true,
        "saveJson": true,
        "consoleReporter": "spec",
        "useInlineDiffs": false,
        "code": true
      },
      "version": "6.2.1"
    },
    "marge": {
      "options": {
        "reportDir": "functional_output",
        "reportName": "XUI_MC",
        "inlineAssets": true
      },
      "version": "5.1.0"
    }
  }
}